2023-06-30 07:29:55,745 - INFO - Is GPU available? True
2023-06-30 07:29:55,745 - INFO - Experiment continual-2t-flip setup:
2023-06-30 07:29:55,745 - INFO - name: continual-2t-flip
2023-06-30 07:29:55,745 - INFO - dataset: MNIST
2023-06-30 07:29:55,745 - INFO - experiment: continual
2023-06-30 07:29:55,745 - INFO - n_domains: 15
2023-06-30 07:29:55,745 - INFO - eval_split: 25
2023-06-30 07:29:55,745 - INFO - step_size: 15
2023-06-30 07:29:55,745 - INFO - train: 0
2023-06-30 07:29:55,745 - INFO - noise_dim: 16
2023-06-30 07:29:55,746 - INFO - num_rnn_layer: 1
2023-06-30 07:29:55,746 - INFO - latent_dim: 32
2023-06-30 07:29:55,746 - INFO - hidden_dim: 16
2023-06-30 07:29:55,746 - INFO - noise_type: Gaussian
2023-06-30 07:29:55,746 - INFO - num_workers: 0
2023-06-30 07:29:55,746 - INFO - epoches: 5
2023-06-30 07:29:55,746 - INFO - batch_size: 16
2023-06-30 07:29:55,746 - INFO - learning_rate: 0.001
2023-06-30 07:29:55,746 - INFO - is_test: True
2023-06-30 07:29:55,746 - INFO - use MNIST data
2023-06-30 07:29:55,746 - INFO - ----------------------------------------
2023-06-30 07:30:07,491 - INFO - Start Training on Domain 0...
2023-06-30 07:30:10,218 - INFO - Start Training on Domain 1...
2023-06-30 07:30:12,814 - INFO - Start Training on Domain 2...
2023-06-30 07:30:15,504 - INFO - Start Training on Domain 3...
2023-06-30 07:30:18,164 - INFO - Start Training on Domain 4...
2023-06-30 07:30:20,651 - INFO - Start Training on Domain 5...
2023-06-30 07:30:23,006 - INFO - Start Training on Domain 6...
2023-06-30 07:30:25,571 - INFO - Start Training on Domain 7...
2023-06-30 07:30:28,035 - INFO - Start Training on Domain 8...
2023-06-30 07:30:30,323 - INFO - Start Training on Domain 9...
2023-06-30 07:30:32,612 - INFO - Start Training on Domain 10...
2023-06-30 07:30:34,770 - INFO - Start Training on Domain 11...
2023-06-30 07:30:37,095 - INFO - Start Training on Domain 12...
2023-06-30 07:30:39,534 - INFO - Start Training on Domain 13...
2023-06-30 07:30:41,827 - INFO - Start Training on Domain 14...
2023-06-30 07:30:44,083 - INFO - Start Training on Domain 15...
2023-06-30 07:30:46,237 - INFO - Start Training on Domain 16...
2023-06-30 07:30:48,569 - INFO - Start Training on Domain 17...
2023-06-30 07:30:51,005 - INFO - Start Training on Domain 18...
2023-06-30 07:30:53,290 - INFO - Start Training on Domain 19...
2023-06-30 07:30:55,527 - INFO - Start Training on Domain 20...
2023-06-30 07:30:57,613 - INFO - Start Training on Domain 21...
2023-06-30 07:30:59,961 - INFO - Start Training on Domain 22...
2023-06-30 07:31:02,394 - INFO - Start Training on Domain 23...
2023-06-30 07:31:04,688 - INFO - Start Training on Domain 24...
2023-06-30 07:31:06,968 - INFO - Start Training on Domain 25...
2023-06-30 07:31:09,121 - INFO - Start Training on Domain 26...
2023-06-30 07:31:11,445 - INFO - Start Training on Domain 27...
2023-06-30 07:31:13,888 - INFO - Start Training on Domain 28...
2023-06-30 07:31:16,171 - INFO - Start Training on Domain 29...
2023-06-30 07:31:18,393 - INFO - Start Training on Domain 30...
2023-06-30 07:31:20,541 - INFO - Start Training on Domain 31...
2023-06-30 07:31:22,891 - INFO - Start Training on Domain 32...
2023-06-30 07:31:25,316 - INFO - Start Training on Domain 33...
2023-06-30 07:31:27,625 - INFO - Start Training on Domain 34...
2023-06-30 07:31:29,905 - INFO - Start Training on Domain 35...
2023-06-30 07:31:32,071 - INFO - Start Training on Domain 36...
2023-06-30 07:31:34,417 - INFO - Start Training on Domain 37...
2023-06-30 07:31:36,716 - INFO - Start Training on Domain 38...
2023-06-30 07:31:39,145 - INFO - Start Training on Domain 39...
2023-06-30 07:31:41,589 - INFO - Start Training on Domain 40...
2023-06-30 07:31:43,818 - INFO - Start Training on Domain 41...
2023-06-30 07:31:46,417 - INFO - Start Training on Domain 42...
2023-06-30 07:31:49,070 - INFO - Start Training on Domain 43...
2023-06-30 07:31:51,585 - INFO - Start Training on Domain 44...
2023-06-30 07:31:54,086 - INFO - Start Training on Domain 45...
2023-06-30 07:31:56,435 - INFO - Start Training on Domain 46...
2023-06-30 07:31:58,995 - INFO - Start Training on Domain 47...
2023-06-30 07:32:01,655 - INFO - Start Training on Domain 48...
2023-06-30 07:32:04,106 - INFO - Start Training on Domain 49...
2023-06-30 07:32:06,491 - INFO - Testing task 0
2023-06-30 07:32:06,624 - INFO - Average Testing Accuracy is 0.1906779661016949
2023-06-30 07:32:06,636 - INFO - Start Training on Domain 0...
2023-06-30 07:32:08,933 - INFO - Testing task 1
2023-06-30 07:32:09,075 - INFO - Average Testing Accuracy is 0.6712890625931323
2023-06-30 07:32:09,087 - INFO - Start Training on Domain 1...
2023-06-30 07:32:11,610 - INFO - Testing task 2
2023-06-30 07:32:11,763 - INFO - Average Testing Accuracy is 0.5961779450115404
2023-06-30 07:32:11,778 - INFO - Start Training on Domain 2...
2023-06-30 07:32:14,393 - INFO - Testing task 3
2023-06-30 07:32:14,534 - INFO - Average Testing Accuracy is 0.8665
2023-06-30 07:32:14,545 - INFO - Start Training on Domain 3...
2023-06-30 07:32:17,006 - INFO - Testing task 4
2023-06-30 07:32:17,145 - INFO - Average Testing Accuracy is 0.9667002693299325
2023-06-30 07:32:17,155 - INFO - Start Training on Domain 4...
2023-06-30 07:32:19,506 - INFO - Testing task 0
2023-06-30 07:32:19,648 - INFO - Average Testing Accuracy is 0.21927966101694915
2023-06-30 07:32:19,657 - INFO - Start Training on Domain 5...
2023-06-30 07:32:21,827 - INFO - Testing task 1
2023-06-30 07:32:21,979 - INFO - Average Testing Accuracy is 0.5419921875
2023-06-30 07:32:21,994 - INFO - Start Training on Domain 6...
2023-06-30 07:32:24,256 - INFO - Testing task 2
2023-06-30 07:32:24,411 - INFO - Average Testing Accuracy is 0.5971177946356007
2023-06-30 07:32:24,428 - INFO - Start Training on Domain 7...
2023-06-30 07:32:26,804 - INFO - Testing task 3
2023-06-30 07:32:26,958 - INFO - Average Testing Accuracy is 0.838
2023-06-30 07:32:26,971 - INFO - Start Training on Domain 8...
2023-06-30 07:32:29,159 - INFO - Testing task 4
2023-06-30 07:32:29,309 - INFO - Average Testing Accuracy is 0.8703629038026256
2023-06-30 07:32:29,321 - INFO - Start Training on Domain 9...
2023-06-30 07:32:31,490 - INFO - Testing task 0
2023-06-30 07:32:31,632 - INFO - Average Testing Accuracy is 0.25
2023-06-30 07:32:31,647 - INFO - Start Training on Domain 10...
2023-06-30 07:32:33,891 - INFO - Testing task 1
2023-06-30 07:32:34,048 - INFO - Average Testing Accuracy is 0.44257812504656613
2023-06-30 07:32:34,069 - INFO - Start Training on Domain 11...
2023-06-30 07:32:36,323 - INFO - Testing task 2
2023-06-30 07:32:36,484 - INFO - Average Testing Accuracy is 0.6600877194476307
2023-06-30 07:32:36,496 - INFO - Start Training on Domain 12...
2023-06-30 07:32:38,822 - INFO - Testing task 3
2023-06-30 07:32:38,973 - INFO - Average Testing Accuracy is 0.726
2023-06-30 07:32:38,987 - INFO - Start Training on Domain 13...
2023-06-30 07:32:41,172 - INFO - Testing task 4
2023-06-30 07:32:41,318 - INFO - Average Testing Accuracy is 0.7407594087623781
2023-06-30 07:32:41,327 - INFO - Start Training on Domain 14...
2023-06-30 07:32:43,498 - INFO - Testing task 0
2023-06-30 07:32:43,636 - INFO - Average Testing Accuracy is 0.24046610169491525
2023-06-30 07:32:43,647 - INFO - Start Training on Domain 15...
2023-06-30 07:32:45,690 - INFO - Testing task 1
2023-06-30 07:32:45,836 - INFO - Average Testing Accuracy is 0.36689453129656613
2023-06-30 07:32:45,846 - INFO - Start Training on Domain 16...
2023-06-30 07:32:48,057 - INFO - Testing task 2
2023-06-30 07:32:48,206 - INFO - Average Testing Accuracy is 0.768796992481203
2023-06-30 07:32:48,218 - INFO - Start Training on Domain 17...
2023-06-30 07:32:50,537 - INFO - Testing task 3
2023-06-30 07:32:50,677 - INFO - Average Testing Accuracy is 0.626
2023-06-30 07:32:50,686 - INFO - Start Training on Domain 18...
2023-06-30 07:32:52,860 - INFO - Testing task 4
2023-06-30 07:32:52,999 - INFO - Average Testing Accuracy is 0.6267809142028132
2023-06-30 07:32:53,008 - INFO - Start Training on Domain 19...
2023-06-30 07:32:55,180 - INFO - Testing task 0
2023-06-30 07:32:55,311 - INFO - Average Testing Accuracy is 0.3268008474576271
2023-06-30 07:32:55,323 - INFO - Start Training on Domain 20...
2023-06-30 07:32:57,386 - INFO - Testing task 1
2023-06-30 07:32:57,534 - INFO - Average Testing Accuracy is 0.32685546879656613
2023-06-30 07:32:57,544 - INFO - Start Training on Domain 21...
2023-06-30 07:32:59,775 - INFO - Testing task 2
2023-06-30 07:32:59,925 - INFO - Average Testing Accuracy is 0.7819548872180451
2023-06-30 07:32:59,936 - INFO - Start Training on Domain 22...
2023-06-30 07:33:02,249 - INFO - Testing task 3
2023-06-30 07:33:02,390 - INFO - Average Testing Accuracy is 0.529
2023-06-30 07:33:02,399 - INFO - Start Training on Domain 23...
2023-06-30 07:33:04,580 - INFO - Testing task 4
2023-06-30 07:33:04,718 - INFO - Average Testing Accuracy is 0.5950268819447486
2023-06-30 07:33:04,728 - INFO - Start Training on Domain 24...
2023-06-30 07:33:06,886 - INFO - Test accuracies for task 0 : [0.1906779661016949, 0.21927966101694915, 0.25, 0.24046610169491525, 0.3268008474576271]
2023-06-30 07:33:07,027 - INFO - Test accuracies for task 1 : [0.6712890625931323, 0.5419921875, 0.44257812504656613, 0.36689453129656613, 0.32685546879656613]
2023-06-30 07:33:07,098 - INFO - Test accuracies for task 2 : [0.5961779450115404, 0.5971177946356007, 0.6600877194476307, 0.768796992481203, 0.7819548872180451]
2023-06-30 07:33:07,176 - INFO - Test accuracies for task 3 : [0.8665, 0.838, 0.726, 0.626, 0.529]
2023-06-30 07:33:07,253 - INFO - Test accuracies for task 4 : [0.9667002693299325, 0.8703629038026256, 0.7407594087623781, 0.6267809142028132, 0.5950268819447486]
