2023-07-05 11:22:43,104 - INFO - Is GPU available? True
2023-07-05 11:22:43,104 - INFO - Experiment continual-nested-3t-no-retrain setup:
2023-07-05 11:22:43,104 - INFO - name: continual-nested-3t-no-retrain
2023-07-05 11:22:43,104 - INFO - dataset: MNIST
2023-07-05 11:22:43,104 - INFO - experiment: continual-nested
2023-07-05 11:22:43,104 - INFO - n_domains: 15
2023-07-05 11:22:43,104 - INFO - eval_split: 25
2023-07-05 11:22:43,104 - INFO - step_size: 15
2023-07-05 11:22:43,104 - INFO - train: 0
2023-07-05 11:22:43,104 - INFO - noise_dim: 16
2023-07-05 11:22:43,104 - INFO - num_rnn_layer: 1
2023-07-05 11:22:43,104 - INFO - latent_dim: 32
2023-07-05 11:22:43,104 - INFO - hidden_dim: 16
2023-07-05 11:22:43,104 - INFO - noise_type: Gaussian
2023-07-05 11:22:43,104 - INFO - num_workers: 0
2023-07-05 11:22:43,104 - INFO - epoches: 1
2023-07-05 11:22:43,104 - INFO - batch_size: 16
2023-07-05 11:22:43,104 - INFO - learning_rate: 0.001
2023-07-05 11:22:43,104 - INFO - is_test: True
2023-07-05 11:22:43,105 - INFO - use MNIST data
2023-07-05 11:22:43,105 - INFO - ----------------------------------------
2023-07-05 11:22:56,826 - INFO - Start Training on Domain 0...
2023-07-05 11:23:00,945 - INFO - Start Training on Domain 1...
2023-07-05 11:23:04,705 - INFO - Start Training on Domain 2...
2023-07-05 11:23:08,338 - INFO - Start Training on Domain 3...
2023-07-05 11:23:12,128 - INFO - Start Training on Domain 4...
2023-07-05 11:23:15,819 - INFO - Start Training on Domain 5...
2023-07-05 11:23:19,549 - INFO - Start Training on Domain 6...
2023-07-05 11:23:23,184 - INFO - Start Training on Domain 7...
2023-07-05 11:23:27,040 - INFO - Start Training on Domain 8...
2023-07-05 11:23:30,616 - INFO - Start Training on Domain 9...
2023-07-05 11:23:34,288 - INFO - Testing task 0
2023-07-05 11:23:34,678 - INFO - Average Testing Accuracy is 0.6917293233082706
2023-07-05 11:23:34,692 - INFO - Start Training on Domain 0...
2023-07-05 11:23:35,394 - INFO - Testing task 1
2023-07-05 11:23:35,781 - INFO - Average Testing Accuracy is 0.6114257811568677
2023-07-05 11:23:35,794 - INFO - Start Training on Domain 1...
2023-07-05 11:23:36,436 - INFO - Testing task 2
2023-07-05 11:23:36,840 - INFO - Average Testing Accuracy is 0.1965042372881356
2023-07-05 11:23:36,849 - INFO - Start Training on Domain 2...
2023-07-05 11:23:37,462 - INFO - Testing task 3
2023-07-05 11:23:37,814 - INFO - Average Testing Accuracy is 0.911
2023-07-05 11:23:37,826 - INFO - Start Training on Domain 3...
2023-07-05 11:23:38,478 - INFO - Testing task 4
2023-07-05 11:23:38,834 - INFO - Average Testing Accuracy is 0.9500672048138034
2023-07-05 11:23:38,847 - INFO - Start Training on Domain 4...
2023-07-05 11:23:39,514 - INFO - Testing task 0
2023-07-05 11:23:39,933 - INFO - Average Testing Accuracy is 0.7720864661654135
2023-07-05 11:23:39,945 - INFO - Start Training on Domain 5...
2023-07-05 11:23:40,610 - INFO - Testing task 1
2023-07-05 11:23:41,050 - INFO - Average Testing Accuracy is 0.505859375
2023-07-05 11:23:41,061 - INFO - Start Training on Domain 6...
2023-07-05 11:23:41,685 - INFO - Testing task 2
2023-07-05 11:23:42,038 - INFO - Average Testing Accuracy is 0.24470338983050846
2023-07-05 11:23:42,047 - INFO - Start Training on Domain 7...
2023-07-05 11:23:42,651 - INFO - Testing task 3
2023-07-05 11:23:43,017 - INFO - Average Testing Accuracy is 0.9275
2023-07-05 11:23:43,027 - INFO - Start Training on Domain 8...
2023-07-05 11:23:43,688 - INFO - Testing task 4
2023-07-05 11:23:44,053 - INFO - Average Testing Accuracy is 0.8899193550309827
2023-07-05 11:23:44,063 - INFO - Start Training on Domain 9...
2023-07-05 11:23:44,735 - INFO - Testing task 0
2023-07-05 11:23:45,144 - INFO - Average Testing Accuracy is 0.6083959901243224
2023-07-05 11:23:45,158 - INFO - Start Training on Domain 10...
2023-07-05 11:23:45,947 - INFO - Testing task 1
2023-07-05 11:23:46,358 - INFO - Average Testing Accuracy is 0.38564453134313226
2023-07-05 11:23:46,367 - INFO - Start Training on Domain 11...
2023-07-05 11:23:47,003 - INFO - Testing task 2
2023-07-05 11:23:47,382 - INFO - Average Testing Accuracy is 0.22616525423728814
2023-07-05 11:23:47,391 - INFO - Start Training on Domain 12...
2023-07-05 11:23:48,017 - INFO - Testing task 3
2023-07-05 11:23:48,390 - INFO - Average Testing Accuracy is 0.7895
2023-07-05 11:23:48,399 - INFO - Start Training on Domain 13...
2023-07-05 11:23:49,093 - INFO - Testing task 4
2023-07-05 11:23:49,455 - INFO - Average Testing Accuracy is 0.8380040324503376
2023-07-05 11:23:49,464 - INFO - Start Training on Domain 14...
2023-07-05 11:23:50,072 - INFO - Testing task 0
2023-07-05 11:23:50,485 - INFO - Average Testing Accuracy is 0.6798245615528938
2023-07-05 11:23:50,495 - INFO - Start Training on Domain 15...
2023-07-05 11:23:51,167 - INFO - Testing task 1
2023-07-05 11:23:51,547 - INFO - Average Testing Accuracy is 0.27216796879656613
2023-07-05 11:23:51,556 - INFO - Start Training on Domain 16...
2023-07-05 11:23:52,226 - INFO - Testing task 2
2023-07-05 11:23:52,566 - INFO - Average Testing Accuracy is 0.1864406779661017
2023-07-05 11:23:52,575 - INFO - Start Training on Domain 17...
2023-07-05 11:23:53,223 - INFO - Testing task 3
2023-07-05 11:23:53,635 - INFO - Average Testing Accuracy is 0.6635
2023-07-05 11:23:53,644 - INFO - Start Training on Domain 18...
2023-07-05 11:23:54,266 - INFO - Testing task 4
2023-07-05 11:23:54,636 - INFO - Average Testing Accuracy is 0.7861223119881845
2023-07-05 11:23:54,646 - INFO - Start Training on Domain 19...
2023-07-05 11:23:55,267 - INFO - Testing task 0
2023-07-05 11:23:55,649 - INFO - Average Testing Accuracy is 0.7899436090225563
2023-07-05 11:23:55,659 - INFO - Start Training on Domain 20...
2023-07-05 11:23:56,348 - INFO - Testing task 1
2023-07-05 11:23:56,739 - INFO - Average Testing Accuracy is 0.26923828129656613
2023-07-05 11:23:56,749 - INFO - Start Training on Domain 21...
2023-07-05 11:23:57,411 - INFO - Testing task 2
2023-07-05 11:23:57,804 - INFO - Average Testing Accuracy is 0.16101694915254236
2023-07-05 11:23:57,815 - INFO - Start Training on Domain 22...
2023-07-05 11:23:58,532 - INFO - Testing task 3
2023-07-05 11:23:58,888 - INFO - Average Testing Accuracy is 0.5765
2023-07-05 11:23:58,898 - INFO - Start Training on Domain 23...
2023-07-05 11:23:59,593 - INFO - Testing task 4
2023-07-05 11:23:59,949 - INFO - Average Testing Accuracy is 0.7448588715445611
2023-07-05 11:23:59,959 - INFO - Start Training on Domain 24...
2023-07-05 11:24:00,587 - INFO - Test accuracies for task 0 : [0.6917293233082706, 0.7720864661654135, 0.6083959901243224, 0.6798245615528938, 0.7899436090225563]
2023-07-05 11:24:00,732 - INFO - Test accuracies for task 1 : [0.6114257811568677, 0.505859375, 0.38564453134313226, 0.27216796879656613, 0.26923828129656613]
2023-07-05 11:24:00,812 - INFO - Test accuracies for task 2 : [0.1965042372881356, 0.24470338983050846, 0.22616525423728814, 0.1864406779661017, 0.16101694915254236]
2023-07-05 11:24:00,894 - INFO - Test accuracies for task 3 : [0.911, 0.9275, 0.7895, 0.6635, 0.5765]
2023-07-05 11:24:00,973 - INFO - Test accuracies for task 4 : [0.9500672048138034, 0.8899193550309827, 0.8380040324503376, 0.7861223119881845, 0.7448588715445611]
