2023-06-30 06:06:57,535 - INFO - Is GPU available? True
2023-06-30 06:06:57,535 - INFO - Experiment classic-revamp-one setup:
2023-06-30 06:06:57,535 - INFO - name: classic-revamp-one
2023-06-30 06:06:57,535 - INFO - dataset: MNIST
2023-06-30 06:06:57,535 - INFO - experiment: classic
2023-06-30 06:06:57,535 - INFO - n_domains: 15
2023-06-30 06:06:57,535 - INFO - eval_split: 5
2023-06-30 06:06:57,535 - INFO - step_size: 15
2023-06-30 06:06:57,535 - INFO - train: 1
2023-06-30 06:06:57,535 - INFO - noise_dim: 16
2023-06-30 06:06:57,535 - INFO - num_rnn_layer: 1
2023-06-30 06:06:57,535 - INFO - latent_dim: 32
2023-06-30 06:06:57,536 - INFO - hidden_dim: 16
2023-06-30 06:06:57,536 - INFO - noise_type: Gaussian
2023-06-30 06:06:57,536 - INFO - num_workers: 0
2023-06-30 06:06:57,536 - INFO - epoches: 5
2023-06-30 06:06:57,536 - INFO - batch_size: 16
2023-06-30 06:06:57,536 - INFO - learning_rate: 0.001
2023-06-30 06:06:57,536 - INFO - is_test: True
2023-06-30 06:06:57,536 - INFO - use MNIST data
2023-06-30 06:06:57,536 - INFO - ----------------------------------------
2023-06-30 06:07:55,189 - INFO - Start Training on Domain 0...
2023-06-30 06:09:13,338 - INFO - Start Training on Domain 1...
