2023-07-05 12:27:45,063 - INFO - Is GPU available? True
2023-07-05 12:27:45,064 - INFO - Experiment classic-3t-no-encoder setup:
2023-07-05 12:27:45,064 - INFO - name: classic-3t-no-encoder
2023-07-05 12:27:45,064 - INFO - dataset: MNIST
2023-07-05 12:27:45,064 - INFO - experiment: classic
2023-07-05 12:27:45,064 - INFO - n_domains: 15
2023-07-05 12:27:45,064 - INFO - eval_split: 5
2023-07-05 12:27:45,064 - INFO - step_size: 15
2023-07-05 12:27:45,064 - INFO - train: 0
2023-07-05 12:27:45,064 - INFO - noise_dim: 16
2023-07-05 12:27:45,064 - INFO - num_rnn_layer: 1
2023-07-05 12:27:45,064 - INFO - latent_dim: 32
2023-07-05 12:27:45,064 - INFO - hidden_dim: 16
2023-07-05 12:27:45,064 - INFO - noise_type: Gaussian
2023-07-05 12:27:45,064 - INFO - num_workers: 0
2023-07-05 12:27:45,064 - INFO - epoches: 5
2023-07-05 12:27:45,064 - INFO - batch_size: 16
2023-07-05 12:27:45,064 - INFO - learning_rate: 0.001
2023-07-05 12:27:45,064 - INFO - is_test: True
2023-07-05 12:27:45,064 - INFO - use MNIST data
2023-07-05 12:27:45,064 - INFO - ----------------------------------------
2023-07-05 12:27:57,100 - INFO - Start Training on Domain 0...
2023-07-05 12:28:06,924 - INFO - Start Training on Domain 1...
2023-07-05 12:28:16,026 - INFO - Start Training on Domain 2...
2023-07-05 12:28:25,268 - INFO - Start Training on Domain 3...
2023-07-05 12:28:34,780 - INFO - Start Training on Domain 4...
2023-07-05 12:28:44,205 - INFO - Start Training on Domain 5...
2023-07-05 12:28:53,368 - INFO - Start Training on Domain 6...
2023-07-05 12:29:02,549 - INFO - Start Training on Domain 7...
2023-07-05 12:29:11,549 - INFO - Start Training on Domain 8...
2023-07-05 12:29:20,558 - INFO - Start Training on Domain 9...
2023-07-05 12:29:29,658 - INFO - Testing domain 0
2023-07-05 12:29:30,292 - INFO - Average Testing Accuracy is 0.8645
2023-07-05 12:29:30,360 - INFO - Start Training on Domain 0...
2023-07-05 12:29:39,451 - INFO - Testing domain 1
2023-07-05 12:29:40,059 - INFO - Average Testing Accuracy is 0.8977
2023-07-05 12:29:40,125 - INFO - Start Training on Domain 1...
2023-07-05 12:29:48,899 - INFO - Testing domain 2
2023-07-05 12:29:49,499 - INFO - Average Testing Accuracy is 0.9007
2023-07-05 12:29:49,573 - INFO - Start Training on Domain 2...
2023-07-05 12:29:58,515 - INFO - Testing domain 3
2023-07-05 12:29:59,134 - INFO - Average Testing Accuracy is 0.9033
2023-07-05 12:29:59,189 - INFO - Start Training on Domain 3...
2023-07-05 12:30:08,551 - INFO - Testing domain 4
2023-07-05 12:30:09,212 - INFO - Average Testing Accuracy is 0.8914
2023-07-05 12:30:09,280 - INFO - Start Training on Domain 4...
2023-07-05 12:35:47,369 - INFO - Is GPU available? True
2023-07-05 12:35:47,369 - INFO - Experiment classic-3t-no-encoder setup:
2023-07-05 12:35:47,369 - INFO - name: classic-3t-no-encoder
2023-07-05 12:35:47,369 - INFO - dataset: MNIST
2023-07-05 12:35:47,369 - INFO - experiment: classic
2023-07-05 12:35:47,369 - INFO - n_domains: 15
2023-07-05 12:35:47,369 - INFO - eval_split: 5
2023-07-05 12:35:47,369 - INFO - step_size: 15
2023-07-05 12:35:47,369 - INFO - train: 0
2023-07-05 12:35:47,370 - INFO - noise_dim: 16
2023-07-05 12:35:47,370 - INFO - num_rnn_layer: 1
2023-07-05 12:35:47,370 - INFO - latent_dim: 32
2023-07-05 12:35:47,370 - INFO - hidden_dim: 16
2023-07-05 12:35:47,370 - INFO - noise_type: Gaussian
2023-07-05 12:35:47,370 - INFO - num_workers: 0
2023-07-05 12:35:47,370 - INFO - epoches: 5
2023-07-05 12:35:47,370 - INFO - batch_size: 16
2023-07-05 12:35:47,370 - INFO - learning_rate: 0.001
2023-07-05 12:35:47,370 - INFO - is_test: True
2023-07-05 12:35:47,370 - INFO - use MNIST data
2023-07-05 12:35:47,370 - INFO - ----------------------------------------
2023-07-05 12:35:59,687 - INFO - Start Training on Domain 0...
2023-07-05 12:36:08,871 - INFO - Start Training on Domain 1...
2023-07-05 12:36:17,820 - INFO - Start Training on Domain 2...
2023-07-05 12:36:26,721 - INFO - Start Training on Domain 3...
2023-07-05 12:36:35,645 - INFO - Start Training on Domain 4...
2023-07-05 12:36:44,484 - INFO - Start Training on Domain 5...
2023-07-05 12:36:53,417 - INFO - Start Training on Domain 6...
2023-07-05 12:37:02,312 - INFO - Start Training on Domain 7...
2023-07-05 12:37:11,410 - INFO - Start Training on Domain 8...
2023-07-05 12:37:20,321 - INFO - Start Training on Domain 9...
2023-07-05 12:37:29,351 - INFO - Testing domain 0
2023-07-05 12:37:29,961 - INFO - Average Testing Accuracy is 0.8894
2023-07-05 12:37:30,027 - INFO - Start Training on Domain 0...
2023-07-05 12:37:38,688 - INFO - Testing domain 1
2023-07-05 12:37:39,288 - INFO - Average Testing Accuracy is 0.8805
2023-07-05 12:37:39,352 - INFO - Start Training on Domain 1...
2023-07-05 12:37:47,977 - INFO - Testing domain 2
2023-07-05 12:37:48,572 - INFO - Average Testing Accuracy is 0.8981
2023-07-05 12:37:48,629 - INFO - Start Training on Domain 2...
2023-07-05 12:37:57,270 - INFO - Testing domain 3
2023-07-05 12:37:57,876 - INFO - Average Testing Accuracy is 0.8921
2023-07-05 12:37:57,940 - INFO - Start Training on Domain 3...
2023-07-05 12:38:07,035 - INFO - Testing domain 4
2023-07-05 12:38:07,669 - INFO - Average Testing Accuracy is 0.8885
2023-07-05 12:38:07,724 - INFO - Start Training on Domain 4...
