2023-07-05 11:30:37,646 - INFO - Is GPU available? True
2023-07-05 11:30:37,646 - INFO - Experiment classic-3t-no-retrain setup:
2023-07-05 11:30:37,646 - INFO - name: classic-3t-no-retrain
2023-07-05 11:30:37,646 - INFO - dataset: MNIST
2023-07-05 11:30:37,646 - INFO - experiment: classic
2023-07-05 11:30:37,646 - INFO - n_domains: 15
2023-07-05 11:30:37,646 - INFO - eval_split: 5
2023-07-05 11:30:37,646 - INFO - step_size: 15
2023-07-05 11:30:37,646 - INFO - train: 0
2023-07-05 11:30:37,646 - INFO - noise_dim: 16
2023-07-05 11:30:37,646 - INFO - num_rnn_layer: 1
2023-07-05 11:30:37,646 - INFO - latent_dim: 32
2023-07-05 11:30:37,646 - INFO - hidden_dim: 16
2023-07-05 11:30:37,646 - INFO - noise_type: Gaussian
2023-07-05 11:30:37,646 - INFO - num_workers: 0
2023-07-05 11:30:37,646 - INFO - epoches: 5
2023-07-05 11:30:37,646 - INFO - batch_size: 16
2023-07-05 11:30:37,646 - INFO - learning_rate: 0.001
2023-07-05 11:30:37,646 - INFO - is_test: True
2023-07-05 11:30:37,646 - INFO - use MNIST data
2023-07-05 11:30:37,646 - INFO - ----------------------------------------
2023-07-05 11:30:50,650 - INFO - Start Training on Domain 0...
2023-07-05 11:31:01,775 - INFO - Start Training on Domain 1...
2023-07-05 11:31:12,582 - INFO - Start Training on Domain 2...
2023-07-05 11:31:24,067 - INFO - Start Training on Domain 3...
2023-07-05 11:31:34,914 - INFO - Start Training on Domain 4...
2023-07-05 11:31:45,905 - INFO - Start Training on Domain 5...
2023-07-05 11:31:57,164 - INFO - Start Training on Domain 6...
2023-07-05 11:32:08,545 - INFO - Start Training on Domain 7...
2023-07-05 11:32:19,374 - INFO - Start Training on Domain 8...
2023-07-05 11:32:30,306 - INFO - Start Training on Domain 9...
2023-07-05 11:32:41,933 - INFO - Testing domain 0
2023-07-05 11:32:42,666 - INFO - Average Testing Accuracy is 0.9032
2023-07-05 11:32:42,732 - INFO - Start Training on Domain 0...
2023-07-05 11:32:53,913 - INFO - Testing domain 1
2023-07-05 11:32:54,633 - INFO - Average Testing Accuracy is 0.8896
2023-07-05 11:32:54,697 - INFO - Start Training on Domain 1...
2023-07-05 11:33:05,772 - INFO - Testing domain 2
2023-07-05 11:33:06,504 - INFO - Average Testing Accuracy is 0.8778
2023-07-05 11:33:06,563 - INFO - Start Training on Domain 2...
2023-07-05 11:33:18,224 - INFO - Testing domain 3
2023-07-05 11:33:19,012 - INFO - Average Testing Accuracy is 0.8825
2023-07-05 11:33:19,071 - INFO - Start Training on Domain 3...
2023-07-05 11:33:30,529 - INFO - Testing domain 4
2023-07-05 11:33:31,236 - INFO - Average Testing Accuracy is 0.8893
2023-07-05 11:33:31,286 - INFO - Start Training on Domain 4...
