2023-06-30 06:33:12,715 - INFO - Is GPU available? True
2023-06-30 06:33:12,715 - INFO - Experiment classic-2.1t setup:
2023-06-30 06:33:12,716 - INFO - name: classic-2.1t
2023-06-30 06:33:12,716 - INFO - dataset: MNIST
2023-06-30 06:33:12,716 - INFO - experiment: classic
2023-06-30 06:33:12,716 - INFO - n_domains: 15
2023-06-30 06:33:12,716 - INFO - eval_split: 5
2023-06-30 06:33:12,716 - INFO - step_size: 15
2023-06-30 06:33:12,716 - INFO - train: 0
2023-06-30 06:33:12,716 - INFO - noise_dim: 16
2023-06-30 06:33:12,716 - INFO - num_rnn_layer: 1
2023-06-30 06:33:12,716 - INFO - latent_dim: 32
2023-06-30 06:33:12,716 - INFO - hidden_dim: 16
2023-06-30 06:33:12,716 - INFO - noise_type: Gaussian
2023-06-30 06:33:12,716 - INFO - num_workers: 0
2023-06-30 06:33:12,716 - INFO - epoches: 5
2023-06-30 06:33:12,716 - INFO - batch_size: 16
2023-06-30 06:33:12,716 - INFO - learning_rate: 0.001
2023-06-30 06:33:12,716 - INFO - is_test: True
2023-06-30 06:33:12,716 - INFO - use MNIST data
2023-06-30 06:33:12,716 - INFO - ----------------------------------------
2023-06-30 06:33:24,055 - INFO - Start Training on Domain 0...
2023-06-30 06:33:35,379 - INFO - Start Training on Domain 1...
2023-06-30 06:33:46,152 - INFO - Start Training on Domain 2...
2023-06-30 06:33:57,007 - INFO - Start Training on Domain 3...
2023-06-30 06:34:07,797 - INFO - Start Training on Domain 4...
2023-06-30 06:34:18,595 - INFO - Start Training on Domain 5...
2023-06-30 06:34:29,277 - INFO - Start Training on Domain 6...
2023-06-30 06:34:39,978 - INFO - Start Training on Domain 7...
2023-06-30 06:34:50,749 - INFO - Start Training on Domain 8...
2023-06-30 06:35:01,424 - INFO - Start Training on Domain 9...
2023-06-30 06:35:12,137 - INFO - Testing domain 0
2023-06-30 06:35:12,802 - INFO - Average Testing Accuracy is 0.8839
2023-06-30 06:35:12,868 - INFO - Start Training on Domain 0...
2023-06-30 06:35:23,890 - INFO - Testing domain 1
2023-06-30 06:35:24,548 - INFO - Average Testing Accuracy is 0.7869
2023-06-30 06:35:24,612 - INFO - Start Training on Domain 1...
2023-06-30 06:35:35,546 - INFO - Testing domain 2
2023-06-30 06:35:36,241 - INFO - Average Testing Accuracy is 0.6653
2023-06-30 06:35:36,314 - INFO - Start Training on Domain 2...
2023-06-30 06:35:47,417 - INFO - Testing domain 3
2023-06-30 06:35:48,107 - INFO - Average Testing Accuracy is 0.5406
2023-06-30 06:35:48,172 - INFO - Start Training on Domain 3...
2023-06-30 06:35:59,191 - INFO - Testing domain 4
2023-06-30 06:35:59,877 - INFO - Average Testing Accuracy is 0.4833
2023-06-30 06:35:59,940 - INFO - Start Training on Domain 4...
