2023-06-30 07:13:05,719 - INFO - Is GPU available? True
2023-06-30 07:13:05,719 - INFO - Experiment continual-nested-2t setup:
2023-06-30 07:13:05,719 - INFO - name: continual-nested-2t
2023-06-30 07:13:05,719 - INFO - dataset: MNIST
2023-06-30 07:13:05,719 - INFO - experiment: continual-nested
2023-06-30 07:13:05,719 - INFO - n_domains: 15
2023-06-30 07:13:05,719 - INFO - eval_split: 25
2023-06-30 07:13:05,719 - INFO - step_size: 15
2023-06-30 07:13:05,719 - INFO - train: 0
2023-06-30 07:13:05,719 - INFO - noise_dim: 16
2023-06-30 07:13:05,719 - INFO - num_rnn_layer: 1
2023-06-30 07:13:05,719 - INFO - latent_dim: 32
2023-06-30 07:13:05,720 - INFO - hidden_dim: 16
2023-06-30 07:13:05,720 - INFO - noise_type: Gaussian
2023-06-30 07:13:05,720 - INFO - num_workers: 0
2023-06-30 07:13:05,720 - INFO - epoches: 1
2023-06-30 07:13:05,720 - INFO - batch_size: 16
2023-06-30 07:13:05,720 - INFO - learning_rate: 0.001
2023-06-30 07:13:05,720 - INFO - is_test: True
2023-06-30 07:13:05,720 - INFO - use MNIST data
2023-06-30 07:13:05,720 - INFO - ----------------------------------------
2023-06-30 07:13:17,219 - INFO - Start Training on Domain 0...
2023-06-30 07:13:19,638 - INFO - Start Training on Domain 1...
2023-06-30 07:13:21,717 - INFO - Start Training on Domain 2...
2023-06-30 07:13:23,793 - INFO - Start Training on Domain 3...
2023-06-30 07:13:25,900 - INFO - Start Training on Domain 4...
2023-06-30 07:13:28,024 - INFO - Start Training on Domain 5...
2023-06-30 07:13:30,130 - INFO - Start Training on Domain 6...
2023-06-30 07:13:32,246 - INFO - Start Training on Domain 7...
2023-06-30 07:13:34,397 - INFO - Start Training on Domain 8...
2023-06-30 07:13:36,530 - INFO - Start Training on Domain 9...
2023-06-30 07:13:38,647 - INFO - Testing task 0
2023-06-30 07:13:38,786 - INFO - Average Testing Accuracy is 0.6347117795980066
2023-06-30 07:13:38,800 - INFO - Start Training on Domain 0...
2023-06-30 07:13:39,260 - INFO - Testing task 1
2023-06-30 07:13:39,393 - INFO - Average Testing Accuracy is 0.5694335936568677
2023-06-30 07:13:39,404 - INFO - Start Training on Domain 1...
2023-06-30 07:13:39,847 - INFO - Testing task 2
2023-06-30 07:13:39,969 - INFO - Average Testing Accuracy is 0.1753177966101695
2023-06-30 07:13:39,977 - INFO - Start Training on Domain 2...
2023-06-30 07:13:40,391 - INFO - Testing task 3
2023-06-30 07:13:40,522 - INFO - Average Testing Accuracy is 0.927
2023-06-30 07:13:40,531 - INFO - Start Training on Domain 3...
2023-06-30 07:13:40,968 - INFO - Testing task 4
2023-06-30 07:13:41,100 - INFO - Average Testing Accuracy is 0.9334341402976744
2023-06-30 07:13:41,111 - INFO - Start Training on Domain 4...
2023-06-30 07:13:41,543 - INFO - Testing task 0
2023-06-30 07:13:41,685 - INFO - Average Testing Accuracy is 0.5189536341599056
2023-06-30 07:13:41,697 - INFO - Start Training on Domain 5...
2023-06-30 07:13:42,161 - INFO - Testing task 1
2023-06-30 07:13:42,297 - INFO - Average Testing Accuracy is 0.48017578129656613
2023-06-30 07:13:42,306 - INFO - Start Training on Domain 6...
2023-06-30 07:13:42,753 - INFO - Testing task 2
2023-06-30 07:13:42,882 - INFO - Average Testing Accuracy is 0.22245762711864406
2023-06-30 07:13:42,890 - INFO - Start Training on Domain 7...
2023-06-30 07:13:43,303 - INFO - Testing task 3
2023-06-30 07:13:43,440 - INFO - Average Testing Accuracy is 0.844
2023-06-30 07:13:43,449 - INFO - Start Training on Domain 8...
2023-06-30 07:13:43,887 - INFO - Testing task 4
2023-06-30 07:13:44,021 - INFO - Average Testing Accuracy is 0.877352150697862
2023-06-30 07:13:44,030 - INFO - Start Training on Domain 9...
2023-06-30 07:13:44,466 - INFO - Testing task 0
2023-06-30 07:13:44,608 - INFO - Average Testing Accuracy is 0.5231829574681762
2023-06-30 07:13:44,618 - INFO - Start Training on Domain 10...
2023-06-30 07:13:45,081 - INFO - Testing task 1
2023-06-30 07:13:45,219 - INFO - Average Testing Accuracy is 0.40400390629656613
2023-06-30 07:13:45,228 - INFO - Start Training on Domain 11...
2023-06-30 07:13:45,674 - INFO - Testing task 2
2023-06-30 07:13:45,800 - INFO - Average Testing Accuracy is 0.3034957627118644
2023-06-30 07:13:45,809 - INFO - Start Training on Domain 12...
2023-06-30 07:13:46,221 - INFO - Testing task 3
2023-06-30 07:13:46,355 - INFO - Average Testing Accuracy is 0.7385
2023-06-30 07:13:46,364 - INFO - Start Training on Domain 13...
2023-06-30 07:13:46,796 - INFO - Testing task 4
2023-06-30 07:13:46,929 - INFO - Average Testing Accuracy is 0.8123319894075394
2023-06-30 07:13:46,938 - INFO - Start Training on Domain 14...
2023-06-30 07:13:47,372 - INFO - Testing task 0
2023-06-30 07:13:47,514 - INFO - Average Testing Accuracy is 0.6163847119288337
2023-06-30 07:13:47,524 - INFO - Start Training on Domain 15...
2023-06-30 07:13:47,989 - INFO - Testing task 1
2023-06-30 07:13:48,125 - INFO - Average Testing Accuracy is 0.32265625009313226
2023-06-30 07:13:48,135 - INFO - Start Training on Domain 16...
2023-06-30 07:13:48,580 - INFO - Testing task 2
2023-06-30 07:13:48,706 - INFO - Average Testing Accuracy is 0.3103813559322034
2023-06-30 07:13:48,714 - INFO - Start Training on Domain 17...
2023-06-30 07:13:49,129 - INFO - Testing task 3
2023-06-30 07:13:49,265 - INFO - Average Testing Accuracy is 0.6365
2023-06-30 07:13:49,276 - INFO - Start Training on Domain 18...
2023-06-30 07:13:49,715 - INFO - Testing task 4
2023-06-30 07:13:49,850 - INFO - Average Testing Accuracy is 0.7497983872890472
2023-06-30 07:13:49,859 - INFO - Start Training on Domain 19...
2023-06-30 07:13:50,291 - INFO - Testing task 0
2023-06-30 07:13:50,434 - INFO - Average Testing Accuracy is 0.8265977443609023
2023-06-30 07:13:50,445 - INFO - Start Training on Domain 20...
2023-06-30 07:13:50,908 - INFO - Testing task 1
2023-06-30 07:13:51,047 - INFO - Average Testing Accuracy is 0.23837890627328306
2023-06-30 07:13:51,057 - INFO - Start Training on Domain 21...
2023-06-30 07:13:51,504 - INFO - Testing task 2
2023-06-30 07:13:51,631 - INFO - Average Testing Accuracy is 0.3125
2023-06-30 07:13:51,639 - INFO - Start Training on Domain 22...
2023-06-30 07:13:52,051 - INFO - Testing task 3
2023-06-30 07:13:52,185 - INFO - Average Testing Accuracy is 0.492
2023-06-30 07:13:52,194 - INFO - Start Training on Domain 23...
2023-06-30 07:13:52,629 - INFO - Testing task 4
2023-06-30 07:13:52,763 - INFO - Average Testing Accuracy is 0.6404569894075394
2023-06-30 07:13:52,772 - INFO - Start Training on Domain 24...
2023-06-30 07:13:53,203 - INFO - Test accuracies for task 0 : [0.6347117795980066, 0.5189536341599056, 0.5231829574681762, 0.6163847119288337, 0.8265977443609023]
2023-06-30 07:15:09,181 - INFO - Is GPU available? True
2023-06-30 07:15:09,181 - INFO - Experiment continual-nested-2t setup:
2023-06-30 07:15:09,181 - INFO - name: continual-nested-2t
2023-06-30 07:15:09,181 - INFO - dataset: MNIST
2023-06-30 07:15:09,181 - INFO - experiment: continual-nested
2023-06-30 07:15:09,181 - INFO - n_domains: 15
2023-06-30 07:15:09,181 - INFO - eval_split: 25
2023-06-30 07:15:09,181 - INFO - step_size: 15
2023-06-30 07:15:09,181 - INFO - train: 0
2023-06-30 07:15:09,181 - INFO - noise_dim: 16
2023-06-30 07:15:09,181 - INFO - num_rnn_layer: 1
2023-06-30 07:15:09,181 - INFO - latent_dim: 32
2023-06-30 07:15:09,181 - INFO - hidden_dim: 16
2023-06-30 07:15:09,182 - INFO - noise_type: Gaussian
2023-06-30 07:15:09,182 - INFO - num_workers: 0
2023-06-30 07:15:09,182 - INFO - epoches: 1
2023-06-30 07:15:09,182 - INFO - batch_size: 16
2023-06-30 07:15:09,182 - INFO - learning_rate: 0.001
2023-06-30 07:15:09,182 - INFO - is_test: True
2023-06-30 07:15:09,182 - INFO - use MNIST data
2023-06-30 07:15:09,182 - INFO - ----------------------------------------
2023-06-30 07:15:20,674 - INFO - Start Training on Domain 0...
2023-06-30 07:15:23,320 - INFO - Start Training on Domain 1...
2023-06-30 07:15:25,655 - INFO - Start Training on Domain 2...
2023-06-30 07:15:27,975 - INFO - Start Training on Domain 3...
2023-06-30 07:15:30,291 - INFO - Start Training on Domain 4...
2023-06-30 07:15:32,667 - INFO - Start Training on Domain 5...
2023-06-30 07:15:35,063 - INFO - Start Training on Domain 6...
2023-06-30 07:15:37,470 - INFO - Start Training on Domain 7...
2023-06-30 07:15:39,897 - INFO - Start Training on Domain 8...
2023-06-30 07:15:42,211 - INFO - Start Training on Domain 9...
2023-06-30 07:15:44,530 - INFO - Testing task 0
2023-06-30 07:15:44,677 - INFO - Average Testing Accuracy is 0.7702067669172933
2023-06-30 07:15:44,691 - INFO - Start Training on Domain 0...
2023-06-30 07:15:45,165 - INFO - Testing task 1
2023-06-30 07:15:45,306 - INFO - Average Testing Accuracy is 0.5486328126862645
2023-06-30 07:15:45,317 - INFO - Start Training on Domain 1...
2023-06-30 07:15:45,769 - INFO - Testing task 2
2023-06-30 07:15:45,904 - INFO - Average Testing Accuracy is 0.23358050847457626
2023-06-30 07:15:45,915 - INFO - Start Training on Domain 2...
2023-06-30 07:15:46,333 - INFO - Testing task 3
2023-06-30 07:15:46,467 - INFO - Average Testing Accuracy is 0.8595
2023-06-30 07:15:46,478 - INFO - Start Training on Domain 3...
2023-06-30 07:15:46,921 - INFO - Testing task 4
2023-06-30 07:15:47,055 - INFO - Average Testing Accuracy is 0.8674059144912227
2023-06-30 07:15:47,064 - INFO - Start Training on Domain 4...
2023-06-30 07:15:47,503 - INFO - Testing task 0
2023-06-30 07:15:47,648 - INFO - Average Testing Accuracy is 0.8905075187969925
2023-06-30 07:15:47,658 - INFO - Start Training on Domain 5...
2023-06-30 07:15:48,131 - INFO - Testing task 1
2023-06-30 07:15:48,270 - INFO - Average Testing Accuracy is 0.5647460939362645
2023-06-30 07:15:48,282 - INFO - Start Training on Domain 6...
2023-06-30 07:15:48,733 - INFO - Testing task 2
2023-06-30 07:15:48,864 - INFO - Average Testing Accuracy is 0.28125
2023-06-30 07:15:48,872 - INFO - Start Training on Domain 7...
2023-06-30 07:15:49,290 - INFO - Testing task 3
2023-06-30 07:15:49,426 - INFO - Average Testing Accuracy is 0.7195
2023-06-30 07:15:49,434 - INFO - Start Training on Domain 8...
2023-06-30 07:15:49,873 - INFO - Testing task 4
2023-06-30 07:15:50,009 - INFO - Average Testing Accuracy is 0.7236559141066766
2023-06-30 07:15:50,018 - INFO - Start Training on Domain 9...
2023-06-30 07:15:50,453 - INFO - Testing task 0
2023-06-30 07:15:50,594 - INFO - Average Testing Accuracy is 0.8825187969924813
2023-06-30 07:15:50,603 - INFO - Start Training on Domain 10...
2023-06-30 07:15:51,074 - INFO - Testing task 1
2023-06-30 07:15:51,209 - INFO - Average Testing Accuracy is 0.5145507813431323
2023-06-30 07:15:51,218 - INFO - Start Training on Domain 11...
2023-06-30 07:15:51,675 - INFO - Testing task 2
2023-06-30 07:15:51,801 - INFO - Average Testing Accuracy is 0.3532838983050847
2023-06-30 07:15:51,813 - INFO - Start Training on Domain 12...
2023-06-30 07:15:52,233 - INFO - Testing task 3
2023-06-30 07:15:52,366 - INFO - Average Testing Accuracy is 0.67
2023-06-30 07:15:52,375 - INFO - Start Training on Domain 13...
2023-06-30 07:15:52,814 - INFO - Testing task 4
2023-06-30 07:15:52,946 - INFO - Average Testing Accuracy is 0.5782594087143098
2023-06-30 07:15:52,956 - INFO - Start Training on Domain 14...
2023-06-30 07:15:53,545 - INFO - Testing task 0
2023-06-30 07:15:53,694 - INFO - Average Testing Accuracy is 0.8519736842105263
2023-06-30 07:15:53,706 - INFO - Start Training on Domain 15...
2023-06-30 07:15:54,190 - INFO - Testing task 1
2023-06-30 07:15:54,330 - INFO - Average Testing Accuracy is 0.46357421879656613
2023-06-30 07:15:54,339 - INFO - Start Training on Domain 16...
2023-06-30 07:15:54,792 - INFO - Testing task 2
2023-06-30 07:15:54,924 - INFO - Average Testing Accuracy is 0.3760593220338983
2023-06-30 07:15:54,932 - INFO - Start Training on Domain 17...
2023-06-30 07:15:55,346 - INFO - Testing task 3
2023-06-30 07:15:55,482 - INFO - Average Testing Accuracy is 0.6055
2023-06-30 07:15:55,491 - INFO - Start Training on Domain 18...
2023-06-30 07:15:55,931 - INFO - Testing task 4
2023-06-30 07:15:56,066 - INFO - Average Testing Accuracy is 0.5309139785747374
2023-06-30 07:15:56,075 - INFO - Start Training on Domain 19...
2023-06-30 07:15:56,514 - INFO - Testing task 0
2023-06-30 07:15:56,655 - INFO - Average Testing Accuracy is 0.7772556390977443
2023-06-30 07:15:56,664 - INFO - Start Training on Domain 20...
2023-06-30 07:15:57,132 - INFO - Testing task 1
2023-06-30 07:15:57,267 - INFO - Average Testing Accuracy is 0.45458984375
2023-06-30 07:15:57,276 - INFO - Start Training on Domain 21...
2023-06-30 07:15:57,729 - INFO - Testing task 2
2023-06-30 07:15:57,854 - INFO - Average Testing Accuracy is 0.46875
2023-06-30 07:15:57,863 - INFO - Start Training on Domain 22...
2023-06-30 07:15:58,287 - INFO - Testing task 3
2023-06-30 07:15:58,422 - INFO - Average Testing Accuracy is 0.5465
2023-06-30 07:15:58,434 - INFO - Start Training on Domain 23...
2023-06-30 07:15:58,877 - INFO - Testing task 4
2023-06-30 07:15:59,010 - INFO - Average Testing Accuracy is 0.5304435486755064
2023-06-30 07:15:59,020 - INFO - Start Training on Domain 24...
2023-06-30 07:15:59,456 - INFO - Test accuracies for task 0 : [0.7702067669172933, 0.8905075187969925, 0.8825187969924813, 0.8519736842105263, 0.7772556390977443]
2023-06-30 07:15:59,587 - INFO - Test accuracies for task 1 : [0.5486328126862645, 0.5647460939362645, 0.5145507813431323, 0.46357421879656613, 0.45458984375]
2023-06-30 07:15:59,657 - INFO - Test accuracies for task 2 : [0.23358050847457626, 0.28125, 0.3532838983050847, 0.3760593220338983, 0.46875]
2023-06-30 07:15:59,735 - INFO - Test accuracies for task 3 : [0.8595, 0.7195, 0.67, 0.6055, 0.5465]
2023-06-30 07:15:59,809 - INFO - Test accuracies for task 4 : [0.8674059144912227, 0.7236559141066766, 0.5782594087143098, 0.5309139785747374, 0.5304435486755064]
