2023-07-05 10:55:34,385 - INFO - Is GPU available? True
2023-07-05 10:55:34,386 - INFO - Experiment continual-3t-ground setup:
2023-07-05 10:55:34,386 - INFO - name: continual-3t-ground
2023-07-05 10:55:34,386 - INFO - dataset: MNIST
2023-07-05 10:55:34,386 - INFO - experiment: continual
2023-07-05 10:55:34,386 - INFO - n_domains: 15
2023-07-05 10:55:34,386 - INFO - eval_split: 25
2023-07-05 10:55:34,386 - INFO - step_size: 15
2023-07-05 10:55:34,386 - INFO - train: 0
2023-07-05 10:55:34,386 - INFO - noise_dim: 16
2023-07-05 10:55:34,386 - INFO - num_rnn_layer: 1
2023-07-05 10:55:34,386 - INFO - latent_dim: 32
2023-07-05 10:55:34,386 - INFO - hidden_dim: 16
2023-07-05 10:55:34,386 - INFO - noise_type: Gaussian
2023-07-05 10:55:34,386 - INFO - num_workers: 0
2023-07-05 10:55:34,386 - INFO - epoches: 5
2023-07-05 10:55:34,386 - INFO - batch_size: 16
2023-07-05 10:55:34,386 - INFO - learning_rate: 0.001
2023-07-05 10:55:34,386 - INFO - is_test: True
2023-07-05 10:55:34,386 - INFO - use MNIST data
2023-07-05 10:55:34,386 - INFO - ----------------------------------------
2023-07-05 10:55:46,364 - INFO - Start Training on Domain 0...
2023-07-05 10:55:49,214 - INFO - Start Training on Domain 1...
2023-07-05 10:55:51,717 - INFO - Start Training on Domain 2...
2023-07-05 10:55:53,900 - INFO - Start Training on Domain 3...
2023-07-05 10:55:56,233 - INFO - Start Training on Domain 4...
2023-07-05 10:55:58,396 - INFO - Start Training on Domain 5...
2023-07-05 10:56:00,713 - INFO - Start Training on Domain 6...
2023-07-05 10:56:02,989 - INFO - Start Training on Domain 7...
2023-07-05 10:56:05,050 - INFO - Start Training on Domain 8...
2023-07-05 10:56:07,208 - INFO - Start Training on Domain 9...
2023-07-05 10:56:09,320 - INFO - Start Training on Domain 10...
2023-07-05 10:56:11,617 - INFO - Start Training on Domain 11...
2023-07-05 10:56:13,822 - INFO - Start Training on Domain 12...
2023-07-05 10:56:15,865 - INFO - Start Training on Domain 13...
2023-07-05 10:56:18,026 - INFO - Start Training on Domain 14...
2023-07-05 10:56:20,188 - INFO - Start Training on Domain 15...
2023-07-05 10:56:22,480 - INFO - Start Training on Domain 16...
2023-07-05 10:56:24,669 - INFO - Start Training on Domain 17...
2023-07-05 10:56:26,761 - INFO - Start Training on Domain 18...
2023-07-05 10:56:28,972 - INFO - Start Training on Domain 19...
2023-07-05 10:56:31,144 - INFO - Start Training on Domain 20...
2023-07-05 10:56:33,604 - INFO - Start Training on Domain 21...
2023-07-05 10:56:35,955 - INFO - Start Training on Domain 22...
2023-07-05 10:56:38,098 - INFO - Start Training on Domain 23...
2023-07-05 10:56:40,185 - INFO - Start Training on Domain 24...
2023-07-05 10:56:42,512 - INFO - Start Training on Domain 25...
2023-07-05 10:56:44,806 - INFO - Start Training on Domain 26...
2023-07-05 10:56:47,006 - INFO - Start Training on Domain 27...
2023-07-05 10:56:49,080 - INFO - Start Training on Domain 28...
2023-07-05 10:56:51,256 - INFO - Start Training on Domain 29...
2023-07-05 10:56:53,404 - INFO - Start Training on Domain 30...
2023-07-05 10:56:55,771 - INFO - Start Training on Domain 31...
2023-07-05 10:56:57,987 - INFO - Start Training on Domain 32...
2023-07-05 10:57:00,039 - INFO - Start Training on Domain 33...
2023-07-05 10:57:02,228 - INFO - Start Training on Domain 34...
2023-07-05 10:57:04,370 - INFO - Start Training on Domain 35...
2023-07-05 10:57:06,661 - INFO - Start Training on Domain 36...
2023-07-05 10:57:09,184 - INFO - Start Training on Domain 37...
2023-07-05 10:57:11,513 - INFO - Start Training on Domain 38...
2023-07-05 10:57:13,705 - INFO - Start Training on Domain 39...
2023-07-05 10:57:15,783 - INFO - Start Training on Domain 40...
2023-07-05 10:57:18,109 - INFO - Start Training on Domain 41...
2023-07-05 10:57:20,300 - INFO - Start Training on Domain 42...
2023-07-05 10:57:22,349 - INFO - Start Training on Domain 43...
2023-07-05 10:57:24,605 - INFO - Start Training on Domain 44...
2023-07-05 10:57:26,878 - INFO - Start Training on Domain 45...
2023-07-05 10:57:29,209 - INFO - Start Training on Domain 46...
2023-07-05 10:57:31,441 - INFO - Start Training on Domain 47...
2023-07-05 10:57:33,565 - INFO - Start Training on Domain 48...
2023-07-05 10:57:35,718 - INFO - Start Training on Domain 49...
2023-07-05 10:57:37,829 - INFO - Testing task 0
2023-07-05 10:57:37,971 - INFO - Average Testing Accuracy is 0.6766917293233082
2023-07-05 10:57:37,986 - INFO - Start Training on Domain 0...
2023-07-05 10:57:40,269 - INFO - Testing task 1
2023-07-05 10:57:40,406 - INFO - Average Testing Accuracy is 0.7865234375931323
2023-07-05 10:57:40,418 - INFO - Start Training on Domain 1...
2023-07-05 10:57:42,656 - INFO - Testing task 2
2023-07-05 10:57:42,784 - INFO - Average Testing Accuracy is 0.2007415254237288
2023-07-05 10:57:42,793 - INFO - Start Training on Domain 2...
2023-07-05 10:57:44,910 - INFO - Testing task 3
2023-07-05 10:57:45,046 - INFO - Average Testing Accuracy is 0.901
2023-07-05 10:57:45,055 - INFO - Start Training on Domain 3...
2023-07-05 10:57:47,265 - INFO - Testing task 4
2023-07-05 10:57:47,400 - INFO - Average Testing Accuracy is 0.9606518822331582
2023-07-05 10:57:47,410 - INFO - Start Training on Domain 4...
2023-07-05 10:57:49,619 - INFO - Testing task 0
2023-07-05 10:57:49,763 - INFO - Average Testing Accuracy is 0.7810150375939849
2023-07-05 10:57:49,773 - INFO - Start Training on Domain 5...
2023-07-05 10:57:52,118 - INFO - Testing task 1
2023-07-05 10:57:52,260 - INFO - Average Testing Accuracy is 0.7227539061568677
2023-07-05 10:57:52,273 - INFO - Start Training on Domain 6...
2023-07-05 10:57:54,556 - INFO - Testing task 2
2023-07-05 10:57:54,683 - INFO - Average Testing Accuracy is 0.2409957627118644
2023-07-05 10:57:54,693 - INFO - Start Training on Domain 7...
2023-07-05 10:57:56,773 - INFO - Testing task 3
2023-07-05 10:57:56,907 - INFO - Average Testing Accuracy is 0.9025
2023-07-05 10:57:56,917 - INFO - Start Training on Domain 8...
2023-07-05 10:57:59,194 - INFO - Testing task 4
2023-07-05 10:57:59,328 - INFO - Average Testing Accuracy is 0.863844086566279
2023-07-05 10:57:59,339 - INFO - Start Training on Domain 9...
2023-07-05 10:58:01,588 - INFO - Testing task 0
2023-07-05 10:58:01,739 - INFO - Average Testing Accuracy is 0.8416353383458647
2023-07-05 10:58:01,748 - INFO - Start Training on Domain 10...
2023-07-05 10:58:04,278 - INFO - Testing task 1
2023-07-05 10:58:04,424 - INFO - Average Testing Accuracy is 0.5879882811568677
2023-07-05 10:58:04,434 - INFO - Start Training on Domain 11...
2023-07-05 10:58:06,785 - INFO - Testing task 2
2023-07-05 10:58:06,936 - INFO - Average Testing Accuracy is 0.2595338983050847
2023-07-05 10:58:06,945 - INFO - Start Training on Domain 12...
2023-07-05 10:58:08,994 - INFO - Testing task 3
2023-07-05 10:58:09,130 - INFO - Average Testing Accuracy is 0.806
2023-07-05 10:58:09,139 - INFO - Start Training on Domain 13...
2023-07-05 10:58:12,086 - INFO - Testing task 4
2023-07-05 10:58:12,308 - INFO - Average Testing Accuracy is 0.7074260754931357
2023-07-05 10:58:12,317 - INFO - Start Training on Domain 14...
2023-07-05 10:58:14,495 - INFO - Testing task 0
2023-07-05 10:58:14,659 - INFO - Average Testing Accuracy is 0.8392857142857143
2023-07-05 10:58:14,673 - INFO - Start Training on Domain 15...
2023-07-05 10:58:17,052 - INFO - Testing task 1
2023-07-05 10:58:17,195 - INFO - Average Testing Accuracy is 0.41572265629656613
2023-07-05 10:58:17,207 - INFO - Start Training on Domain 16...
2023-07-05 10:58:19,488 - INFO - Testing task 2
2023-07-05 10:58:19,624 - INFO - Average Testing Accuracy is 0.3135593220338983
2023-07-05 10:58:19,633 - INFO - Start Training on Domain 17...
2023-07-05 10:58:21,714 - INFO - Testing task 3
2023-07-05 10:58:21,874 - INFO - Average Testing Accuracy is 0.682
2023-07-05 10:58:21,884 - INFO - Start Training on Domain 18...
2023-07-05 10:58:24,076 - INFO - Testing task 4
2023-07-05 10:58:24,214 - INFO - Average Testing Accuracy is 0.5910282259987246
2023-07-05 10:58:24,223 - INFO - Start Training on Domain 19...
2023-07-05 10:58:26,584 - INFO - Testing task 0
2023-07-05 10:58:26,735 - INFO - Average Testing Accuracy is 0.8280075187969925
2023-07-05 10:58:26,744 - INFO - Start Training on Domain 20...
2023-07-05 10:58:29,214 - INFO - Testing task 1
2023-07-05 10:58:29,352 - INFO - Average Testing Accuracy is 0.30507812509313226
2023-07-05 10:58:29,361 - INFO - Start Training on Domain 21...
2023-07-05 10:58:31,674 - INFO - Testing task 2
2023-07-05 10:58:31,801 - INFO - Average Testing Accuracy is 0.3596398305084746
2023-07-05 10:58:31,809 - INFO - Start Training on Domain 22...
2023-07-05 10:58:33,908 - INFO - Testing task 3
2023-07-05 10:58:34,065 - INFO - Average Testing Accuracy is 0.486
2023-07-05 10:58:34,074 - INFO - Start Training on Domain 23...
2023-07-05 10:58:36,301 - INFO - Testing task 4
2023-07-05 10:58:36,441 - INFO - Average Testing Accuracy is 0.5112903228690547
2023-07-05 10:58:36,454 - INFO - Start Training on Domain 24...
2023-07-05 10:58:38,678 - INFO - Test accuracies for task 0 : [0.6766917293233082, 0.7810150375939849, 0.8416353383458647, 0.8392857142857143, 0.8280075187969925]
2023-07-05 10:58:38,827 - INFO - Test accuracies for task 1 : [0.7865234375931323, 0.7227539061568677, 0.5879882811568677, 0.41572265629656613, 0.30507812509313226]
2023-07-05 10:58:38,901 - INFO - Test accuracies for task 2 : [0.2007415254237288, 0.2409957627118644, 0.2595338983050847, 0.3135593220338983, 0.3596398305084746]
2023-07-05 10:58:38,980 - INFO - Test accuracies for task 3 : [0.901, 0.9025, 0.806, 0.682, 0.486]
2023-07-05 10:58:39,059 - INFO - Test accuracies for task 4 : [0.9606518822331582, 0.863844086566279, 0.7074260754931357, 0.5910282259987246, 0.5112903228690547]
