2023-07-05 12:31:25,069 - INFO - Is GPU available? True
2023-07-05 12:31:25,069 - INFO - Experiment continual-3t-no-encoder setup:
2023-07-05 12:31:25,069 - INFO - name: continual-3t-no-encoder
2023-07-05 12:31:25,069 - INFO - dataset: MNIST
2023-07-05 12:31:25,069 - INFO - experiment: continual
2023-07-05 12:31:25,069 - INFO - n_domains: 15
2023-07-05 12:31:25,069 - INFO - eval_split: 25
2023-07-05 12:31:25,069 - INFO - step_size: 15
2023-07-05 12:31:25,069 - INFO - train: 0
2023-07-05 12:31:25,069 - INFO - noise_dim: 16
2023-07-05 12:31:25,069 - INFO - num_rnn_layer: 1
2023-07-05 12:31:25,069 - INFO - latent_dim: 32
2023-07-05 12:31:25,069 - INFO - hidden_dim: 16
2023-07-05 12:31:25,069 - INFO - noise_type: Gaussian
2023-07-05 12:31:25,069 - INFO - num_workers: 0
2023-07-05 12:31:25,069 - INFO - epoches: 5
2023-07-05 12:31:25,070 - INFO - batch_size: 16
2023-07-05 12:31:25,070 - INFO - learning_rate: 0.001
2023-07-05 12:31:25,070 - INFO - is_test: True
2023-07-05 12:31:25,070 - INFO - use MNIST data
2023-07-05 12:31:25,070 - INFO - ----------------------------------------
2023-07-05 12:31:38,105 - INFO - Start Training on Domain 0...
2023-07-05 12:31:40,437 - INFO - Start Training on Domain 1...
2023-07-05 12:31:42,339 - INFO - Start Training on Domain 2...
2023-07-05 12:31:44,487 - INFO - Start Training on Domain 3...
2023-07-05 12:31:46,571 - INFO - Start Training on Domain 4...
2023-07-05 12:31:48,440 - INFO - Start Training on Domain 5...
2023-07-05 12:31:50,394 - INFO - Start Training on Domain 6...
2023-07-05 12:31:52,209 - INFO - Start Training on Domain 7...
2023-07-05 12:31:53,897 - INFO - Start Training on Domain 8...
2023-07-05 12:31:55,684 - INFO - Start Training on Domain 9...
2023-07-05 12:31:57,453 - INFO - Start Training on Domain 10...
2023-07-05 12:31:59,331 - INFO - Start Training on Domain 11...
2023-07-05 12:32:01,153 - INFO - Start Training on Domain 12...
2023-07-05 12:32:02,774 - INFO - Start Training on Domain 13...
2023-07-05 12:32:04,548 - INFO - Start Training on Domain 14...
2023-07-05 12:32:06,307 - INFO - Start Training on Domain 15...
2023-07-05 12:32:08,208 - INFO - Start Training on Domain 16...
2023-07-05 12:32:10,050 - INFO - Start Training on Domain 17...
2023-07-05 12:32:11,818 - INFO - Start Training on Domain 18...
2023-07-05 12:32:13,568 - INFO - Start Training on Domain 19...
2023-07-05 12:32:15,298 - INFO - Start Training on Domain 20...
2023-07-05 12:32:17,165 - INFO - Start Training on Domain 21...
2023-07-05 12:32:19,121 - INFO - Start Training on Domain 22...
2023-07-05 12:32:20,802 - INFO - Start Training on Domain 23...
2023-07-05 12:32:22,657 - INFO - Start Training on Domain 24...
2023-07-05 12:32:24,461 - INFO - Start Training on Domain 25...
2023-07-05 12:32:26,525 - INFO - Start Training on Domain 26...
2023-07-05 12:32:28,414 - INFO - Start Training on Domain 27...
2023-07-05 12:32:30,085 - INFO - Start Training on Domain 28...
2023-07-05 12:32:31,935 - INFO - Start Training on Domain 29...
2023-07-05 12:32:33,679 - INFO - Start Training on Domain 30...
2023-07-05 12:32:35,664 - INFO - Start Training on Domain 31...
2023-07-05 12:32:37,442 - INFO - Start Training on Domain 32...
2023-07-05 12:32:39,155 - INFO - Start Training on Domain 33...
2023-07-05 12:32:40,930 - INFO - Start Training on Domain 34...
2023-07-05 12:32:42,679 - INFO - Start Training on Domain 35...
2023-07-05 12:32:44,553 - INFO - Start Training on Domain 36...
2023-07-05 12:32:46,367 - INFO - Start Training on Domain 37...
2023-07-05 12:32:48,059 - INFO - Start Training on Domain 38...
2023-07-05 12:32:49,858 - INFO - Start Training on Domain 39...
2023-07-05 12:32:51,660 - INFO - Start Training on Domain 40...
2023-07-05 12:32:53,612 - INFO - Start Training on Domain 41...
2023-07-05 12:39:03,098 - INFO - Is GPU available? True
2023-07-05 12:39:03,098 - INFO - Experiment continual-3t-no-encoder setup:
2023-07-05 12:39:03,098 - INFO - name: continual-3t-no-encoder
2023-07-05 12:39:03,098 - INFO - dataset: MNIST
2023-07-05 12:39:03,098 - INFO - experiment: continual
2023-07-05 12:39:03,098 - INFO - n_domains: 15
2023-07-05 12:39:03,098 - INFO - eval_split: 25
2023-07-05 12:39:03,098 - INFO - step_size: 15
2023-07-05 12:39:03,098 - INFO - train: 0
2023-07-05 12:39:03,098 - INFO - noise_dim: 16
2023-07-05 12:39:03,098 - INFO - num_rnn_layer: 1
2023-07-05 12:39:03,098 - INFO - latent_dim: 32
2023-07-05 12:39:03,099 - INFO - hidden_dim: 16
2023-07-05 12:39:03,099 - INFO - noise_type: Gaussian
2023-07-05 12:39:03,099 - INFO - num_workers: 0
2023-07-05 12:39:03,099 - INFO - epoches: 5
2023-07-05 12:39:03,099 - INFO - batch_size: 16
2023-07-05 12:39:03,099 - INFO - learning_rate: 0.001
2023-07-05 12:39:03,099 - INFO - is_test: True
2023-07-05 12:39:03,099 - INFO - use MNIST data
2023-07-05 12:39:03,099 - INFO - ----------------------------------------
2023-07-05 12:39:15,155 - INFO - Start Training on Domain 0...
2023-07-05 12:39:18,449 - INFO - Start Training on Domain 1...
2023-07-05 12:39:20,356 - INFO - Start Training on Domain 2...
2023-07-05 12:39:22,086 - INFO - Start Training on Domain 3...
2023-07-05 12:39:23,835 - INFO - Start Training on Domain 4...
2023-07-05 12:39:25,568 - INFO - Start Training on Domain 5...
2023-07-05 12:39:27,405 - INFO - Start Training on Domain 6...
2023-07-05 12:39:29,196 - INFO - Start Training on Domain 7...
2023-07-05 12:39:30,826 - INFO - Start Training on Domain 8...
2023-07-05 12:39:32,660 - INFO - Start Training on Domain 9...
2023-07-05 12:39:34,461 - INFO - Start Training on Domain 10...
2023-07-05 12:39:36,366 - INFO - Start Training on Domain 11...
2023-07-05 12:39:38,190 - INFO - Start Training on Domain 12...
2023-07-05 12:39:39,952 - INFO - Start Training on Domain 13...
2023-07-05 12:39:41,747 - INFO - Start Training on Domain 14...
2023-07-05 12:39:43,463 - INFO - Start Training on Domain 15...
2023-07-05 12:39:45,400 - INFO - Start Training on Domain 16...
2023-07-05 12:39:47,266 - INFO - Start Training on Domain 17...
2023-07-05 12:39:48,929 - INFO - Start Training on Domain 18...
2023-07-05 12:39:50,704 - INFO - Start Training on Domain 19...
2023-07-05 12:39:52,421 - INFO - Start Training on Domain 20...
2023-07-05 12:39:54,228 - INFO - Start Training on Domain 21...
2023-07-05 12:39:55,952 - INFO - Start Training on Domain 22...
2023-07-05 12:39:57,538 - INFO - Start Training on Domain 23...
2023-07-05 12:39:59,232 - INFO - Start Training on Domain 24...
2023-07-05 12:40:00,910 - INFO - Start Training on Domain 25...
2023-07-05 12:40:02,699 - INFO - Start Training on Domain 26...
2023-07-05 12:40:04,428 - INFO - Start Training on Domain 27...
2023-07-05 12:40:06,115 - INFO - Start Training on Domain 28...
2023-07-05 12:40:07,876 - INFO - Start Training on Domain 29...
2023-07-05 12:40:09,610 - INFO - Start Training on Domain 30...
2023-07-05 12:40:11,475 - INFO - Start Training on Domain 31...
2023-07-05 12:40:13,272 - INFO - Start Training on Domain 32...
2023-07-05 12:40:14,963 - INFO - Start Training on Domain 33...
2023-07-05 12:40:16,667 - INFO - Start Training on Domain 34...
2023-07-05 12:40:18,354 - INFO - Start Training on Domain 35...
2023-07-05 12:40:20,231 - INFO - Start Training on Domain 36...
2023-07-05 12:40:22,036 - INFO - Start Training on Domain 37...
2023-07-05 12:40:23,684 - INFO - Start Training on Domain 38...
2023-07-05 12:40:25,435 - INFO - Start Training on Domain 39...
2023-07-05 12:40:27,166 - INFO - Start Training on Domain 40...
2023-07-05 12:40:29,034 - INFO - Start Training on Domain 41...
2023-07-05 12:40:30,820 - INFO - Start Training on Domain 42...
2023-07-05 12:40:32,469 - INFO - Start Training on Domain 43...
2023-07-05 12:40:34,213 - INFO - Start Training on Domain 44...
2023-07-05 12:40:35,944 - INFO - Start Training on Domain 45...
2023-07-05 12:40:37,811 - INFO - Start Training on Domain 46...
2023-07-05 12:40:39,616 - INFO - Start Training on Domain 47...
2023-07-05 12:40:41,276 - INFO - Start Training on Domain 48...
2023-07-05 12:40:43,029 - INFO - Start Training on Domain 49...
2023-07-05 12:40:44,764 - INFO - Testing task 0
2023-07-05 12:40:44,894 - INFO - Average Testing Accuracy is 0.7810150375939849
2023-07-05 12:40:44,909 - INFO - Start Training on Domain 0...
2023-07-05 12:40:46,771 - INFO - Testing task 1
2023-07-05 12:40:46,893 - INFO - Average Testing Accuracy is 0.7938476563431323
2023-07-05 12:40:46,906 - INFO - Start Training on Domain 1...
2023-07-05 12:40:48,700 - INFO - Testing task 2
2023-07-05 12:40:48,815 - INFO - Average Testing Accuracy is 0.6260593220338984
2023-07-05 12:40:48,824 - INFO - Start Training on Domain 2...
2023-07-05 12:40:50,486 - INFO - Testing task 3
2023-07-05 12:40:50,603 - INFO - Average Testing Accuracy is 0.7145
2023-07-05 12:40:50,612 - INFO - Start Training on Domain 3...
2023-07-05 12:40:52,303 - INFO - Testing task 4
2023-07-05 12:40:52,419 - INFO - Average Testing Accuracy is 0.5546370970626031
2023-07-05 12:40:52,429 - INFO - Start Training on Domain 4...
2023-07-05 12:40:54,145 - INFO - Testing task 0
2023-07-05 12:40:54,273 - INFO - Average Testing Accuracy is 0.7875939849624061
2023-07-05 12:40:54,282 - INFO - Start Training on Domain 5...
2023-07-05 12:40:56,141 - INFO - Testing task 1
2023-07-05 12:40:56,265 - INFO - Average Testing Accuracy is 0.8299804688431323
2023-07-05 12:40:56,274 - INFO - Start Training on Domain 6...
2023-07-05 12:40:58,123 - INFO - Testing task 2
2023-07-05 12:40:58,237 - INFO - Average Testing Accuracy is 0.590572033898305
2023-07-05 12:40:58,246 - INFO - Start Training on Domain 7...
2023-07-05 12:40:59,931 - INFO - Testing task 3
2023-07-05 12:41:00,054 - INFO - Average Testing Accuracy is 0.6275
2023-07-05 12:41:00,063 - INFO - Start Training on Domain 8...
2023-07-05 12:41:01,862 - INFO - Testing task 4
2023-07-05 12:41:01,980 - INFO - Average Testing Accuracy is 0.5898857527682858
2023-07-05 12:41:01,989 - INFO - Start Training on Domain 9...
2023-07-05 12:41:03,744 - INFO - Testing task 0
2023-07-05 12:41:03,870 - INFO - Average Testing Accuracy is 0.7880639097744361
2023-07-05 12:41:03,879 - INFO - Start Training on Domain 10...
2023-07-05 12:41:05,738 - INFO - Testing task 1
2023-07-05 12:41:05,857 - INFO - Average Testing Accuracy is 0.8436523438431323
2023-07-05 12:41:05,866 - INFO - Start Training on Domain 11...
2023-07-05 12:41:07,713 - INFO - Testing task 2
2023-07-05 12:41:07,825 - INFO - Average Testing Accuracy is 0.628177966101695
2023-07-05 12:41:07,836 - INFO - Start Training on Domain 12...
2023-07-05 12:41:09,500 - INFO - Testing task 3
2023-07-05 12:41:09,620 - INFO - Average Testing Accuracy is 0.569
2023-07-05 12:41:09,630 - INFO - Start Training on Domain 13...
2023-07-05 12:41:11,365 - INFO - Testing task 4
2023-07-05 12:41:11,483 - INFO - Average Testing Accuracy is 0.6009744624457052
2023-07-05 12:41:11,494 - INFO - Start Training on Domain 14...
2023-07-05 12:41:13,226 - INFO - Testing task 0
2023-07-05 12:41:13,360 - INFO - Average Testing Accuracy is 0.7156954887218046
2023-07-05 12:41:13,370 - INFO - Start Training on Domain 15...
2023-07-05 12:41:15,262 - INFO - Testing task 1
2023-07-05 12:41:15,396 - INFO - Average Testing Accuracy is 0.7831054688431323
2023-07-05 12:41:15,405 - INFO - Start Training on Domain 16...
2023-07-05 12:41:17,309 - INFO - Testing task 2
2023-07-05 12:41:17,430 - INFO - Average Testing Accuracy is 0.5614406779661016
2023-07-05 12:41:17,438 - INFO - Start Training on Domain 17...
2023-07-05 12:41:19,182 - INFO - Testing task 3
2023-07-05 12:41:19,329 - INFO - Average Testing Accuracy is 0.4295
2023-07-05 12:41:19,338 - INFO - Start Training on Domain 18...
2023-07-05 12:41:21,087 - INFO - Testing task 4
2023-07-05 12:41:21,215 - INFO - Average Testing Accuracy is 0.6065524196432482
2023-07-05 12:41:21,224 - INFO - Start Training on Domain 19...
2023-07-05 12:41:22,933 - INFO - Testing task 0
2023-07-05 12:41:23,060 - INFO - Average Testing Accuracy is 0.6821741856130442
2023-07-05 12:41:23,070 - INFO - Start Training on Domain 20...
2023-07-05 12:41:24,937 - INFO - Testing task 1
2023-07-05 12:41:25,059 - INFO - Average Testing Accuracy is 0.8039062502793968
2023-07-05 12:41:25,068 - INFO - Start Training on Domain 21...
2023-07-05 12:41:26,868 - INFO - Testing task 2
2023-07-05 12:41:26,980 - INFO - Average Testing Accuracy is 0.5640889830508474
2023-07-05 12:41:26,989 - INFO - Start Training on Domain 22...
2023-07-05 12:41:28,635 - INFO - Testing task 3
2023-07-05 12:41:28,754 - INFO - Average Testing Accuracy is 0.5545
2023-07-05 12:41:28,763 - INFO - Start Training on Domain 23...
2023-07-05 12:41:30,515 - INFO - Testing task 4
2023-07-05 12:41:30,634 - INFO - Average Testing Accuracy is 0.6090389785747374
2023-07-05 12:41:30,646 - INFO - Start Training on Domain 24...
2023-07-05 12:41:32,443 - INFO - Test accuracies for task 0 : [0.7810150375939849, 0.7875939849624061, 0.7880639097744361, 0.7156954887218046, 0.6821741856130442]
2023-07-05 12:41:32,579 - INFO - Test accuracies for task 1 : [0.7938476563431323, 0.8299804688431323, 0.8436523438431323, 0.7831054688431323, 0.8039062502793968]
2023-07-05 12:41:32,659 - INFO - Test accuracies for task 2 : [0.6260593220338984, 0.590572033898305, 0.628177966101695, 0.5614406779661016, 0.5640889830508474]
2023-07-05 12:41:32,737 - INFO - Test accuracies for task 3 : [0.7145, 0.6275, 0.569, 0.4295, 0.5545]
2023-07-05 12:41:32,806 - INFO - Test accuracies for task 4 : [0.5546370970626031, 0.5898857527682858, 0.6009744624457052, 0.6065524196432482, 0.6090389785747374]
