2023-07-05 11:25:41,796 - INFO - Is GPU available? True
2023-07-05 11:25:41,796 - INFO - Experiment continual-3t-no-retrain setup:
2023-07-05 11:25:41,796 - INFO - name: continual-3t-no-retrain
2023-07-05 11:25:41,796 - INFO - dataset: MNIST
2023-07-05 11:25:41,796 - INFO - experiment: continual
2023-07-05 11:25:41,797 - INFO - n_domains: 15
2023-07-05 11:25:41,797 - INFO - eval_split: 25
2023-07-05 11:25:41,797 - INFO - step_size: 15
2023-07-05 11:25:41,797 - INFO - train: 0
2023-07-05 11:25:41,797 - INFO - noise_dim: 16
2023-07-05 11:25:41,797 - INFO - num_rnn_layer: 1
2023-07-05 11:25:41,797 - INFO - latent_dim: 32
2023-07-05 11:25:41,797 - INFO - hidden_dim: 16
2023-07-05 11:25:41,797 - INFO - noise_type: Gaussian
2023-07-05 11:25:41,797 - INFO - num_workers: 0
2023-07-05 11:25:41,797 - INFO - epoches: 5
2023-07-05 11:25:41,797 - INFO - batch_size: 16
2023-07-05 11:25:41,797 - INFO - learning_rate: 0.001
2023-07-05 11:25:41,797 - INFO - is_test: True
2023-07-05 11:25:41,797 - INFO - use MNIST data
2023-07-05 11:25:41,797 - INFO - ----------------------------------------
2023-07-05 11:25:55,972 - INFO - Start Training on Domain 0...
2023-07-05 11:26:00,401 - INFO - Start Training on Domain 1...
2023-07-05 11:26:04,352 - INFO - Start Training on Domain 2...
2023-07-05 11:26:08,009 - INFO - Start Training on Domain 3...
2023-07-05 11:26:11,877 - INFO - Start Training on Domain 4...
2023-07-05 11:26:15,455 - INFO - Start Training on Domain 5...
2023-07-05 11:26:19,356 - INFO - Start Training on Domain 6...
2023-07-05 11:26:22,943 - INFO - Start Training on Domain 7...
2023-07-05 11:26:26,292 - INFO - Start Training on Domain 8...
2023-07-05 11:26:29,984 - INFO - Start Training on Domain 9...
2023-07-05 11:26:33,744 - INFO - Start Training on Domain 10...
2023-07-05 11:26:37,622 - INFO - Start Training on Domain 11...
2023-07-05 11:26:41,333 - INFO - Start Training on Domain 12...
2023-07-05 11:26:44,765 - INFO - Start Training on Domain 13...
2023-07-05 11:26:48,482 - INFO - Start Training on Domain 14...
2023-07-05 11:26:52,143 - INFO - Start Training on Domain 15...
2023-07-05 11:26:55,946 - INFO - Start Training on Domain 16...
2023-07-05 11:26:59,753 - INFO - Start Training on Domain 17...
2023-07-05 11:27:03,735 - INFO - Start Training on Domain 18...
2023-07-05 11:27:07,865 - INFO - Start Training on Domain 19...
2023-07-05 11:27:11,454 - INFO - Start Training on Domain 20...
2023-07-05 11:27:15,382 - INFO - Start Training on Domain 21...
2023-07-05 11:27:19,105 - INFO - Start Training on Domain 22...
2023-07-05 11:27:22,695 - INFO - Start Training on Domain 23...
2023-07-05 11:27:26,331 - INFO - Start Training on Domain 24...
2023-07-05 11:27:29,894 - INFO - Start Training on Domain 25...
2023-07-05 11:27:33,849 - INFO - Start Training on Domain 26...
2023-07-05 11:27:37,816 - INFO - Start Training on Domain 27...
2023-07-05 11:27:41,336 - INFO - Start Training on Domain 28...
2023-07-05 11:27:44,964 - INFO - Start Training on Domain 29...
2023-07-05 11:27:48,570 - INFO - Start Training on Domain 30...
2023-07-05 11:27:52,366 - INFO - Start Training on Domain 31...
2023-07-05 11:27:56,008 - INFO - Start Training on Domain 32...
2023-07-05 11:27:59,406 - INFO - Start Training on Domain 33...
2023-07-05 11:28:02,846 - INFO - Start Training on Domain 34...
2023-07-05 11:28:06,432 - INFO - Start Training on Domain 35...
2023-07-05 11:28:10,301 - INFO - Start Training on Domain 36...
2023-07-05 11:28:13,986 - INFO - Start Training on Domain 37...
2023-07-05 11:28:16,912 - INFO - Start Training on Domain 38...
2023-07-05 11:28:20,003 - INFO - Start Training on Domain 39...
2023-07-05 11:28:23,042 - INFO - Start Training on Domain 40...
2023-07-05 11:28:26,060 - INFO - Start Training on Domain 41...
2023-07-05 11:28:28,761 - INFO - Start Training on Domain 42...
2023-07-05 11:28:31,273 - INFO - Start Training on Domain 43...
2023-07-05 11:28:33,949 - INFO - Start Training on Domain 44...
2023-07-05 11:28:36,453 - INFO - Start Training on Domain 45...
2023-07-05 11:28:38,954 - INFO - Start Training on Domain 46...
2023-07-05 11:28:41,370 - INFO - Start Training on Domain 47...
2023-07-05 11:28:43,716 - INFO - Start Training on Domain 48...
2023-07-05 11:28:46,074 - INFO - Start Training on Domain 49...
2023-07-05 11:28:48,555 - INFO - Testing task 0
2023-07-05 11:28:48,704 - INFO - Average Testing Accuracy is 0.7340225563909775
2023-07-05 11:28:48,719 - INFO - Start Training on Domain 0...
2023-07-05 11:28:51,108 - INFO - Testing task 1
2023-07-05 11:28:51,254 - INFO - Average Testing Accuracy is 0.7793945311568677
2023-07-05 11:28:51,265 - INFO - Start Training on Domain 1...
2023-07-05 11:28:53,696 - INFO - Testing task 2
2023-07-05 11:28:53,833 - INFO - Average Testing Accuracy is 0.17690677966101695
2023-07-05 11:28:53,842 - INFO - Start Training on Domain 2...
2023-07-05 11:28:56,007 - INFO - Testing task 3
2023-07-05 11:28:56,152 - INFO - Average Testing Accuracy is 0.8695
2023-07-05 11:28:56,162 - INFO - Start Training on Domain 3...
2023-07-05 11:28:58,344 - INFO - Testing task 4
2023-07-05 11:28:58,481 - INFO - Average Testing Accuracy is 0.9586357532009002
2023-07-05 11:28:58,490 - INFO - Start Training on Domain 4...
2023-07-05 11:29:00,636 - INFO - Testing task 0
2023-07-05 11:29:00,789 - INFO - Average Testing Accuracy is 0.8280075187969925
2023-07-05 11:29:00,799 - INFO - Start Training on Domain 5...
2023-07-05 11:29:03,404 - INFO - Testing task 1
2023-07-05 11:29:03,556 - INFO - Average Testing Accuracy is 0.7074218750931323
2023-07-05 11:29:03,567 - INFO - Start Training on Domain 6...
2023-07-05 11:29:05,916 - INFO - Testing task 2
2023-07-05 11:29:06,048 - INFO - Average Testing Accuracy is 0.22245762711864406
2023-07-05 11:29:06,060 - INFO - Start Training on Domain 7...
2023-07-05 11:29:08,328 - INFO - Testing task 3
2023-07-05 11:29:08,521 - INFO - Average Testing Accuracy is 0.758
2023-07-05 11:29:08,531 - INFO - Start Training on Domain 8...
2023-07-05 11:29:10,770 - INFO - Testing task 4
2023-07-05 11:29:10,909 - INFO - Average Testing Accuracy is 0.8310819897920855
2023-07-05 11:29:10,918 - INFO - Start Training on Domain 9...
2023-07-05 11:29:13,159 - INFO - Testing task 0
2023-07-05 11:29:13,331 - INFO - Average Testing Accuracy is 0.831766917293233
2023-07-05 11:29:13,341 - INFO - Start Training on Domain 10...
2023-07-05 11:29:15,718 - INFO - Testing task 1
2023-07-05 11:29:15,867 - INFO - Average Testing Accuracy is 0.5666992189362645
2023-07-05 11:29:15,877 - INFO - Start Training on Domain 11...
2023-07-05 11:29:18,034 - INFO - Testing task 2
2023-07-05 11:29:18,169 - INFO - Average Testing Accuracy is 0.2685381355932203
2023-07-05 11:29:18,178 - INFO - Start Training on Domain 12...
2023-07-05 11:29:20,205 - INFO - Testing task 3
2023-07-05 11:29:20,351 - INFO - Average Testing Accuracy is 0.6615
2023-07-05 11:29:20,360 - INFO - Start Training on Domain 13...
2023-07-05 11:29:22,588 - INFO - Testing task 4
2023-07-05 11:29:22,739 - INFO - Average Testing Accuracy is 0.6974126345688297
2023-07-05 11:29:22,749 - INFO - Start Training on Domain 14...
2023-07-05 11:29:24,849 - INFO - Testing task 0
2023-07-05 11:29:25,004 - INFO - Average Testing Accuracy is 0.8543233082706767
2023-07-05 11:29:25,017 - INFO - Start Training on Domain 15...
2023-07-05 11:29:27,357 - INFO - Testing task 1
2023-07-05 11:29:27,507 - INFO - Average Testing Accuracy is 0.46162109379656613
2023-07-05 11:29:27,518 - INFO - Start Training on Domain 16...
2023-07-05 11:29:29,729 - INFO - Testing task 2
2023-07-05 11:29:29,894 - INFO - Average Testing Accuracy is 0.2727754237288136
2023-07-05 11:29:29,903 - INFO - Start Training on Domain 17...
2023-07-05 11:29:31,918 - INFO - Testing task 3
2023-07-05 11:29:32,059 - INFO - Average Testing Accuracy is 0.605
2023-07-05 11:29:32,068 - INFO - Start Training on Domain 18...
2023-07-05 11:29:34,221 - INFO - Testing task 4
2023-07-05 11:29:34,363 - INFO - Average Testing Accuracy is 0.611088709965829
2023-07-05 11:29:34,372 - INFO - Start Training on Domain 19...
2023-07-05 11:29:36,564 - INFO - Testing task 0
2023-07-05 11:29:36,725 - INFO - Average Testing Accuracy is 0.8604323308270677
2023-07-05 11:29:36,735 - INFO - Start Training on Domain 20...
2023-07-05 11:29:39,077 - INFO - Testing task 1
2023-07-05 11:29:39,230 - INFO - Average Testing Accuracy is 0.37783203134313226
2023-07-05 11:29:39,241 - INFO - Start Training on Domain 21...
2023-07-05 11:29:41,565 - INFO - Testing task 2
2023-07-05 11:29:41,706 - INFO - Average Testing Accuracy is 0.3167372881355932
2023-07-05 11:29:41,715 - INFO - Start Training on Domain 22...
2023-07-05 11:29:43,830 - INFO - Testing task 3
2023-07-05 11:29:43,981 - INFO - Average Testing Accuracy is 0.47
2023-07-05 11:29:43,994 - INFO - Start Training on Domain 23...
2023-07-05 11:29:46,240 - INFO - Testing task 4
2023-07-05 11:29:46,379 - INFO - Average Testing Accuracy is 0.5500672043811891
2023-07-05 11:29:46,389 - INFO - Start Training on Domain 24...
2023-07-05 11:29:48,551 - INFO - Test accuracies for task 0 : [0.7340225563909775, 0.8280075187969925, 0.831766917293233, 0.8543233082706767, 0.8604323308270677]
2023-07-05 11:29:48,707 - INFO - Test accuracies for task 1 : [0.7793945311568677, 0.7074218750931323, 0.5666992189362645, 0.46162109379656613, 0.37783203134313226]
2023-07-05 11:29:48,786 - INFO - Test accuracies for task 2 : [0.17690677966101695, 0.22245762711864406, 0.2685381355932203, 0.2727754237288136, 0.3167372881355932]
2023-07-05 11:29:48,874 - INFO - Test accuracies for task 3 : [0.8695, 0.758, 0.6615, 0.605, 0.47]
2023-07-05 11:29:48,961 - INFO - Test accuracies for task 4 : [0.9586357532009002, 0.8310819897920855, 0.6974126345688297, 0.611088709965829, 0.5500672043811891]
