2023-07-05 12:42:26,374 - INFO - Is GPU available? True
2023-07-05 12:42:26,374 - INFO - Experiment continual-nested-3t-no-encoder setup:
2023-07-05 12:42:26,374 - INFO - name: continual-nested-3t-no-encoder
2023-07-05 12:42:26,374 - INFO - dataset: MNIST
2023-07-05 12:42:26,375 - INFO - experiment: continual-nested
2023-07-05 12:42:26,375 - INFO - n_domains: 15
2023-07-05 12:42:26,375 - INFO - eval_split: 25
2023-07-05 12:42:26,375 - INFO - step_size: 15
2023-07-05 12:42:26,375 - INFO - train: 0
2023-07-05 12:42:26,375 - INFO - noise_dim: 16
2023-07-05 12:42:26,375 - INFO - num_rnn_layer: 1
2023-07-05 12:42:26,375 - INFO - latent_dim: 32
2023-07-05 12:42:26,375 - INFO - hidden_dim: 16
2023-07-05 12:42:26,375 - INFO - noise_type: Gaussian
2023-07-05 12:42:26,375 - INFO - num_workers: 0
2023-07-05 12:42:26,375 - INFO - epoches: 1
2023-07-05 12:42:26,375 - INFO - batch_size: 16
2023-07-05 12:42:26,375 - INFO - learning_rate: 0.001
2023-07-05 12:42:26,375 - INFO - is_test: True
2023-07-05 12:42:26,375 - INFO - use MNIST data
2023-07-05 12:42:26,375 - INFO - ----------------------------------------
2023-07-05 12:42:38,563 - INFO - Start Training on Domain 0...
2023-07-05 12:42:41,628 - INFO - Start Training on Domain 1...
2023-07-05 12:42:43,454 - INFO - Start Training on Domain 2...
2023-07-05 12:42:45,268 - INFO - Start Training on Domain 3...
2023-07-05 12:42:47,021 - INFO - Start Training on Domain 4...
2023-07-05 12:42:48,760 - INFO - Start Training on Domain 5...
2023-07-05 12:42:50,557 - INFO - Start Training on Domain 6...
2023-07-05 12:42:52,339 - INFO - Start Training on Domain 7...
2023-07-05 12:42:54,078 - INFO - Start Training on Domain 8...
2023-07-05 12:42:55,794 - INFO - Start Training on Domain 9...
2023-07-05 12:42:57,660 - INFO - Testing task 0
2023-07-05 12:42:57,788 - INFO - Average Testing Accuracy is 0.6347117795980066
2023-07-05 12:42:57,806 - INFO - Start Training on Domain 0...
2023-07-05 12:42:58,181 - INFO - Testing task 1
2023-07-05 12:42:58,304 - INFO - Average Testing Accuracy is 0.7375000002793968
2023-07-05 12:42:58,316 - INFO - Start Training on Domain 1...
2023-07-05 12:42:58,677 - INFO - Testing task 2
2023-07-05 12:42:58,789 - INFO - Average Testing Accuracy is 0.6774364406779662
2023-07-05 12:42:58,798 - INFO - Start Training on Domain 2...
2023-07-05 12:42:59,125 - INFO - Testing task 3
2023-07-05 12:42:59,243 - INFO - Average Testing Accuracy is 0.509
2023-07-05 12:42:59,252 - INFO - Start Training on Domain 3...
2023-07-05 12:42:59,595 - INFO - Testing task 4
2023-07-05 12:42:59,713 - INFO - Average Testing Accuracy is 0.5545026882281227
2023-07-05 12:42:59,722 - INFO - Start Training on Domain 4...
2023-07-05 12:43:00,063 - INFO - Testing task 0
2023-07-05 12:43:00,189 - INFO - Average Testing Accuracy is 0.7531328322295856
2023-07-05 12:43:00,199 - INFO - Start Training on Domain 5...
2023-07-05 12:43:00,562 - INFO - Testing task 1
2023-07-05 12:43:00,684 - INFO - Average Testing Accuracy is 0.7394531252793968
2023-07-05 12:43:00,696 - INFO - Start Training on Domain 6...
2023-07-05 12:43:01,052 - INFO - Testing task 2
2023-07-05 12:43:01,166 - INFO - Average Testing Accuracy is 0.6186440677966102
2023-07-05 12:43:01,175 - INFO - Start Training on Domain 7...
2023-07-05 12:43:01,504 - INFO - Testing task 3
2023-07-05 12:43:01,627 - INFO - Average Testing Accuracy is 0.476
2023-07-05 12:43:01,637 - INFO - Start Training on Domain 8...
2023-07-05 12:43:01,983 - INFO - Testing task 4
2023-07-05 12:43:02,107 - INFO - Average Testing Accuracy is 0.6171034947037697
2023-07-05 12:43:02,116 - INFO - Start Training on Domain 9...
2023-07-05 12:43:02,460 - INFO - Testing task 0
2023-07-05 12:43:02,592 - INFO - Average Testing Accuracy is 0.6268796992481203
2023-07-05 12:43:02,603 - INFO - Start Training on Domain 10...
2023-07-05 12:43:02,970 - INFO - Testing task 1
2023-07-05 12:43:03,096 - INFO - Average Testing Accuracy is 0.7046874999068677
2023-07-05 12:43:03,106 - INFO - Start Training on Domain 11...
2023-07-05 12:43:03,457 - INFO - Testing task 2
2023-07-05 12:43:03,572 - INFO - Average Testing Accuracy is 0.6731991525423728
2023-07-05 12:43:03,581 - INFO - Start Training on Domain 12...
2023-07-05 12:43:03,916 - INFO - Testing task 3
2023-07-05 12:43:04,036 - INFO - Average Testing Accuracy is 0.3935
2023-07-05 12:43:04,045 - INFO - Start Training on Domain 13...
2023-07-05 12:43:04,401 - INFO - Testing task 4
2023-07-05 12:43:04,519 - INFO - Average Testing Accuracy is 0.5717741938367966
2023-07-05 12:43:04,528 - INFO - Start Training on Domain 14...
2023-07-05 12:43:04,885 - INFO - Testing task 0
2023-07-05 12:43:05,014 - INFO - Average Testing Accuracy is 0.6553884713273299
2023-07-05 12:43:05,027 - INFO - Start Training on Domain 15...
2023-07-05 12:43:05,404 - INFO - Testing task 1
2023-07-05 12:43:05,528 - INFO - Average Testing Accuracy is 0.7086914065293968
2023-07-05 12:43:05,539 - INFO - Start Training on Domain 16...
2023-07-05 12:43:05,905 - INFO - Testing task 2
2023-07-05 12:43:06,019 - INFO - Average Testing Accuracy is 0.6292372881355932
2023-07-05 12:43:06,029 - INFO - Start Training on Domain 17...
2023-07-05 12:43:06,363 - INFO - Testing task 3
2023-07-05 12:43:06,483 - INFO - Average Testing Accuracy is 0.3935
2023-07-05 12:43:06,492 - INFO - Start Training on Domain 18...
2023-07-05 12:43:06,847 - INFO - Testing task 4
2023-07-05 12:43:06,966 - INFO - Average Testing Accuracy is 0.6151545701488372
2023-07-05 12:43:06,975 - INFO - Start Training on Domain 19...
2023-07-05 12:43:07,326 - INFO - Testing task 0
2023-07-05 12:43:07,453 - INFO - Average Testing Accuracy is 0.6154448623047736
2023-07-05 12:43:07,463 - INFO - Start Training on Domain 20...
2023-07-05 12:43:07,839 - INFO - Testing task 1
2023-07-05 12:43:07,961 - INFO - Average Testing Accuracy is 0.7179687502793968
2023-07-05 12:43:07,971 - INFO - Start Training on Domain 21...
2023-07-05 12:43:08,333 - INFO - Testing task 2
2023-07-05 12:43:08,447 - INFO - Average Testing Accuracy is 0.6742584745762712
2023-07-05 12:43:08,455 - INFO - Start Training on Domain 22...
2023-07-05 12:43:08,789 - INFO - Testing task 3
2023-07-05 12:43:08,908 - INFO - Average Testing Accuracy is 0.6115
2023-07-05 12:43:08,917 - INFO - Start Training on Domain 23...
2023-07-05 12:43:09,271 - INFO - Testing task 4
2023-07-05 12:43:09,390 - INFO - Average Testing Accuracy is 0.5536626346649662
2023-07-05 12:43:09,399 - INFO - Start Training on Domain 24...
2023-07-05 12:43:09,749 - INFO - Test accuracies for task 0 : [0.6347117795980066, 0.7531328322295856, 0.6268796992481203, 0.6553884713273299, 0.6154448623047736]
2023-07-05 12:43:09,889 - INFO - Test accuracies for task 1 : [0.7375000002793968, 0.7394531252793968, 0.7046874999068677, 0.7086914065293968, 0.7179687502793968]
2023-07-05 12:43:09,966 - INFO - Test accuracies for task 2 : [0.6774364406779662, 0.6186440677966102, 0.6731991525423728, 0.6292372881355932, 0.6742584745762712]
2023-07-05 12:43:10,048 - INFO - Test accuracies for task 3 : [0.509, 0.476, 0.3935, 0.3935, 0.6115]
2023-07-05 12:43:10,126 - INFO - Test accuracies for task 4 : [0.5545026882281227, 0.6171034947037697, 0.5717741938367966, 0.6151545701488372, 0.5536626346649662]
