2023-06-30 06:49:38,362 - INFO - Is GPU available? True
2023-06-30 06:49:38,362 - INFO - Experiment continual_2t setup:
2023-06-30 06:49:38,362 - INFO - name: continual_2t
2023-06-30 06:49:38,362 - INFO - dataset: MNIST
2023-06-30 06:49:38,362 - INFO - experiment: continual
2023-06-30 06:49:38,362 - INFO - n_domains: 15
2023-06-30 06:49:38,362 - INFO - eval_split: 25
2023-06-30 06:49:38,362 - INFO - step_size: 15
2023-06-30 06:49:38,362 - INFO - train: 0
2023-06-30 06:49:38,362 - INFO - noise_dim: 16
2023-06-30 06:49:38,362 - INFO - num_rnn_layer: 1
2023-06-30 06:49:38,362 - INFO - latent_dim: 32
2023-06-30 06:49:38,362 - INFO - hidden_dim: 16
2023-06-30 06:49:38,362 - INFO - noise_type: Gaussian
2023-06-30 06:49:38,362 - INFO - num_workers: 0
2023-06-30 06:49:38,362 - INFO - epoches: 5
2023-06-30 06:49:38,362 - INFO - batch_size: 16
2023-06-30 06:49:38,363 - INFO - learning_rate: 0.001
2023-06-30 06:49:38,363 - INFO - is_test: True
2023-06-30 06:49:38,363 - INFO - use MNIST data
2023-06-30 06:49:38,363 - INFO - ----------------------------------------
2023-06-30 06:49:48,906 - INFO - Start Training on Domain 0...
2023-06-30 06:49:56,298 - INFO - Start Training on Domain 1...
2023-06-30 06:50:03,264 - INFO - Start Training on Domain 2...
2023-06-30 06:50:09,628 - INFO - Start Training on Domain 3...
2023-06-30 06:50:16,427 - INFO - Start Training on Domain 4...
2023-06-30 06:50:23,170 - INFO - Start Training on Domain 5...
2023-06-30 06:50:30,383 - INFO - Start Training on Domain 6...
2023-06-30 06:50:37,030 - INFO - Start Training on Domain 7...
2023-06-30 06:50:43,067 - INFO - Start Training on Domain 8...
2023-06-30 06:50:49,438 - INFO - Start Training on Domain 9...
2023-06-30 06:50:55,737 - INFO - Start Training on Domain 10...
2023-06-30 06:51:02,478 - INFO - Start Training on Domain 11...
2023-06-30 06:51:09,327 - INFO - Start Training on Domain 12...
2023-06-30 06:51:15,732 - INFO - Start Training on Domain 13...
2023-06-30 06:51:22,514 - INFO - Start Training on Domain 14...
2023-06-30 06:51:29,243 - INFO - Start Training on Domain 15...
2023-06-30 06:51:36,049 - INFO - Start Training on Domain 16...
2023-06-30 06:51:42,594 - INFO - Start Training on Domain 17...
2023-06-30 06:51:48,574 - INFO - Start Training on Domain 18...
2023-06-30 06:51:55,141 - INFO - Start Training on Domain 19...
2023-06-30 06:52:01,867 - INFO - Start Training on Domain 20...
2023-06-30 06:52:09,066 - INFO - Start Training on Domain 21...
2023-06-30 06:52:16,062 - INFO - Start Training on Domain 22...
2023-06-30 06:52:22,469 - INFO - Start Training on Domain 23...
2023-06-30 06:52:29,324 - INFO - Start Training on Domain 24...
2023-06-30 06:52:36,020 - INFO - Start Training on Domain 25...
2023-06-30 06:52:43,238 - INFO - Start Training on Domain 26...
2023-06-30 06:52:50,169 - INFO - Start Training on Domain 27...
2023-06-30 06:52:56,584 - INFO - Start Training on Domain 28...
2023-06-30 06:53:03,402 - INFO - Start Training on Domain 29...
2023-06-30 06:53:10,112 - INFO - Start Training on Domain 30...
2023-06-30 06:53:17,336 - INFO - Start Training on Domain 31...
2023-06-30 06:53:24,269 - INFO - Start Training on Domain 32...
2023-06-30 06:53:30,668 - INFO - Start Training on Domain 33...
2023-06-30 06:53:37,440 - INFO - Start Training on Domain 34...
2023-06-30 06:53:44,199 - INFO - Start Training on Domain 35...
2023-06-30 06:53:51,440 - INFO - Start Training on Domain 36...
2023-06-30 06:53:58,442 - INFO - Start Training on Domain 37...
2023-06-30 06:54:04,882 - INFO - Start Training on Domain 38...
2023-06-30 06:54:11,649 - INFO - Start Training on Domain 39...
2023-06-30 06:54:18,393 - INFO - Start Training on Domain 40...
2023-06-30 06:54:25,600 - INFO - Start Training on Domain 41...
2023-06-30 06:54:32,553 - INFO - Start Training on Domain 42...
2023-06-30 06:54:38,978 - INFO - Start Training on Domain 43...
2023-06-30 06:54:45,764 - INFO - Start Training on Domain 44...
2023-06-30 06:54:52,497 - INFO - Start Training on Domain 45...
2023-06-30 06:54:59,738 - INFO - Start Training on Domain 46...
2023-06-30 06:55:06,659 - INFO - Start Training on Domain 47...
2023-06-30 06:55:13,052 - INFO - Start Training on Domain 48...
2023-06-30 06:55:19,834 - INFO - Start Training on Domain 49...
2023-06-30 06:55:26,546 - INFO - Testing task 0
2023-06-30 06:55:26,761 - INFO - Average Testing Accuracy is 0.6140350878686833
2023-06-30 06:56:26,906 - INFO - Is GPU available? True
2023-06-30 06:56:26,906 - INFO - Experiment continual_2t setup:
2023-06-30 06:56:26,906 - INFO - name: continual_2t
2023-06-30 06:56:26,906 - INFO - dataset: MNIST
2023-06-30 06:56:26,906 - INFO - experiment: continual
2023-06-30 06:56:26,906 - INFO - n_domains: 15
2023-06-30 06:56:26,906 - INFO - eval_split: 25
2023-06-30 06:56:26,906 - INFO - step_size: 15
2023-06-30 06:56:26,906 - INFO - train: 0
2023-06-30 06:56:26,906 - INFO - noise_dim: 16
2023-06-30 06:56:26,906 - INFO - num_rnn_layer: 1
2023-06-30 06:56:26,906 - INFO - latent_dim: 32
2023-06-30 06:56:26,906 - INFO - hidden_dim: 16
2023-06-30 06:56:26,906 - INFO - noise_type: Gaussian
2023-06-30 06:56:26,906 - INFO - num_workers: 0
2023-06-30 06:56:26,906 - INFO - epoches: 5
2023-06-30 06:56:26,906 - INFO - batch_size: 16
2023-06-30 06:56:26,906 - INFO - learning_rate: 0.001
2023-06-30 06:56:26,906 - INFO - is_test: True
2023-06-30 06:56:26,906 - INFO - use MNIST data
2023-06-30 06:56:26,906 - INFO - ----------------------------------------
2023-06-30 06:56:37,592 - INFO - Start Training on Domain 0...
2023-06-30 06:56:45,105 - INFO - Start Training on Domain 1...
2023-06-30 06:56:51,892 - INFO - Start Training on Domain 2...
2023-06-30 06:56:58,208 - INFO - Start Training on Domain 3...
2023-06-30 06:57:05,099 - INFO - Start Training on Domain 4...
2023-06-30 06:57:12,049 - INFO - Start Training on Domain 5...
2023-06-30 06:57:19,636 - INFO - Start Training on Domain 6...
2023-06-30 06:57:26,743 - INFO - Start Training on Domain 7...
2023-06-30 06:57:33,225 - INFO - Start Training on Domain 8...
2023-06-30 06:57:40,090 - INFO - Start Training on Domain 9...
2023-06-30 06:57:46,903 - INFO - Start Training on Domain 10...
2023-06-30 06:57:54,223 - INFO - Start Training on Domain 11...
2023-06-30 06:58:01,179 - INFO - Start Training on Domain 12...
2023-06-30 06:58:07,654 - INFO - Start Training on Domain 13...
2023-06-30 06:58:14,518 - INFO - Start Training on Domain 14...
2023-06-30 06:58:21,322 - INFO - Start Training on Domain 15...
2023-06-30 06:58:28,597 - INFO - Start Training on Domain 16...
2023-06-30 06:58:35,615 - INFO - Start Training on Domain 17...
2023-06-30 06:58:42,077 - INFO - Start Training on Domain 18...
2023-06-30 06:58:48,911 - INFO - Start Training on Domain 19...
2023-06-30 06:58:55,715 - INFO - Start Training on Domain 20...
2023-06-30 06:59:03,021 - INFO - Start Training on Domain 21...
2023-06-30 06:59:10,042 - INFO - Start Training on Domain 22...
2023-06-30 06:59:16,518 - INFO - Start Training on Domain 23...
2023-06-30 06:59:23,401 - INFO - Start Training on Domain 24...
2023-06-30 06:59:30,251 - INFO - Start Training on Domain 25...
2023-06-30 06:59:37,571 - INFO - Start Training on Domain 26...
2023-06-30 06:59:44,604 - INFO - Start Training on Domain 27...
2023-06-30 06:59:51,088 - INFO - Start Training on Domain 28...
2023-06-30 06:59:57,963 - INFO - Start Training on Domain 29...
2023-06-30 07:00:04,775 - INFO - Start Training on Domain 30...
2023-06-30 07:00:12,095 - INFO - Start Training on Domain 31...
2023-06-30 07:00:19,141 - INFO - Start Training on Domain 32...
2023-06-30 07:00:25,635 - INFO - Start Training on Domain 33...
2023-06-30 07:00:32,509 - INFO - Start Training on Domain 34...
2023-06-30 07:00:39,329 - INFO - Start Training on Domain 35...
2023-06-30 07:00:46,654 - INFO - Start Training on Domain 36...
2023-06-30 07:00:53,709 - INFO - Start Training on Domain 37...
2023-06-30 07:01:00,214 - INFO - Start Training on Domain 38...
2023-06-30 07:01:07,094 - INFO - Start Training on Domain 39...
2023-06-30 07:01:13,906 - INFO - Start Training on Domain 40...
2023-06-30 07:01:21,207 - INFO - Start Training on Domain 41...
2023-06-30 07:01:28,258 - INFO - Start Training on Domain 42...
2023-06-30 07:01:34,759 - INFO - Start Training on Domain 43...
2023-06-30 07:01:41,612 - INFO - Start Training on Domain 44...
2023-06-30 07:01:48,462 - INFO - Start Training on Domain 45...
2023-06-30 07:01:55,772 - INFO - Start Training on Domain 46...
2023-06-30 07:02:02,818 - INFO - Start Training on Domain 47...
2023-06-30 07:02:09,325 - INFO - Start Training on Domain 48...
2023-06-30 07:02:16,225 - INFO - Start Training on Domain 49...
2023-06-30 07:02:23,031 - INFO - Testing task 0
2023-06-30 07:02:23,246 - INFO - Average Testing Accuracy is 0.6967418547859765
2023-06-30 07:02:23,264 - INFO - Start Training on Domain 0...
2023-06-30 07:02:30,633 - INFO - Testing task 1
2023-06-30 07:02:30,842 - INFO - Average Testing Accuracy is 0.6573242186568677
2023-06-30 07:02:30,858 - INFO - Start Training on Domain 1...
2023-06-30 07:02:37,979 - INFO - Testing task 2
2023-06-30 07:02:38,171 - INFO - Average Testing Accuracy is 0.2330508474576271
2023-06-30 07:02:38,182 - INFO - Start Training on Domain 2...
2023-06-30 07:02:44,716 - INFO - Testing task 3
2023-06-30 07:02:44,919 - INFO - Average Testing Accuracy is 0.866
2023-06-30 07:02:44,931 - INFO - Start Training on Domain 3...
2023-06-30 07:02:51,774 - INFO - Testing task 4
2023-06-30 07:02:51,976 - INFO - Average Testing Accuracy is 0.9505376349533757
2023-06-30 07:02:51,988 - INFO - Start Training on Domain 4...
2023-06-30 07:02:58,873 - INFO - Testing task 0
2023-06-30 07:02:59,089 - INFO - Average Testing Accuracy is 0.7077067669172933
2023-06-30 07:02:59,101 - INFO - Start Training on Domain 5...
2023-06-30 07:03:06,482 - INFO - Testing task 1
2023-06-30 07:03:06,691 - INFO - Average Testing Accuracy is 0.5987304686568677
2023-06-30 07:03:06,703 - INFO - Start Training on Domain 6...
2023-06-30 07:03:13,771 - INFO - Testing task 2
2023-06-30 07:03:13,962 - INFO - Average Testing Accuracy is 0.2605932203389831
2023-06-30 07:03:13,974 - INFO - Start Training on Domain 7...
2023-06-30 07:03:20,508 - INFO - Testing task 3
2023-06-30 07:03:20,711 - INFO - Average Testing Accuracy is 0.8135
2023-06-30 07:03:20,723 - INFO - Start Training on Domain 8...
2023-06-30 07:03:27,636 - INFO - Testing task 4
2023-06-30 07:03:27,837 - INFO - Average Testing Accuracy is 0.8783266130954989
2023-06-30 07:03:27,849 - INFO - Start Training on Domain 9...
2023-06-30 07:03:34,717 - INFO - Testing task 0
2023-06-30 07:03:34,933 - INFO - Average Testing Accuracy is 0.6840538848611645
2023-06-30 07:03:34,949 - INFO - Start Training on Domain 10...
2023-06-30 07:03:42,353 - INFO - Testing task 1
2023-06-30 07:03:42,561 - INFO - Average Testing Accuracy is 0.54443359375
2023-06-30 07:03:42,573 - INFO - Start Training on Domain 11...
2023-06-30 07:03:49,664 - INFO - Testing task 2
2023-06-30 07:03:49,856 - INFO - Average Testing Accuracy is 0.2717161016949153
2023-06-30 07:03:49,867 - INFO - Start Training on Domain 12...
2023-06-30 07:03:56,414 - INFO - Testing task 3
2023-06-30 07:03:56,618 - INFO - Average Testing Accuracy is 0.7495
2023-06-30 07:03:56,629 - INFO - Start Training on Domain 13...
2023-06-30 07:04:03,518 - INFO - Testing task 4
2023-06-30 07:04:03,721 - INFO - Average Testing Accuracy is 0.7422379034180795
2023-06-30 07:04:03,732 - INFO - Start Training on Domain 14...
2023-06-30 07:04:10,508 - INFO - Testing task 0
2023-06-30 07:04:10,724 - INFO - Average Testing Accuracy is 0.7145989976431194
2023-06-30 07:04:10,737 - INFO - Start Training on Domain 15...
2023-06-30 07:04:18,039 - INFO - Testing task 1
2023-06-30 07:04:18,248 - INFO - Average Testing Accuracy is 0.4421875001862645
2023-06-30 07:04:18,264 - INFO - Start Training on Domain 16...
2023-06-30 07:04:25,373 - INFO - Testing task 2
2023-06-30 07:04:25,565 - INFO - Average Testing Accuracy is 0.2727754237288136
2023-06-30 07:04:25,576 - INFO - Start Training on Domain 17...
2023-06-30 07:04:32,129 - INFO - Testing task 3
2023-06-30 07:04:32,332 - INFO - Average Testing Accuracy is 0.6265
2023-06-30 07:04:32,344 - INFO - Start Training on Domain 18...
2023-06-30 07:04:39,292 - INFO - Testing task 4
2023-06-30 07:04:39,494 - INFO - Average Testing Accuracy is 0.6211693551271192
2023-06-30 07:04:39,506 - INFO - Start Training on Domain 19...
2023-06-30 07:04:46,393 - INFO - Testing task 0
2023-06-30 07:04:46,610 - INFO - Average Testing Accuracy is 0.7659774436090225
2023-06-30 07:04:46,622 - INFO - Start Training on Domain 20...
2023-06-30 07:04:53,923 - INFO - Testing task 1
2023-06-30 07:04:54,108 - INFO - Average Testing Accuracy is 0.39179687504656613
2023-06-30 07:04:54,119 - INFO - Start Training on Domain 21...
2023-06-30 07:05:01,212 - INFO - Testing task 2
2023-06-30 07:05:01,406 - INFO - Average Testing Accuracy is 0.3305084745762712
2023-06-30 07:05:01,417 - INFO - Start Training on Domain 22...
2023-06-30 07:05:07,926 - INFO - Testing task 3
2023-06-30 07:05:08,130 - INFO - Average Testing Accuracy is 0.525
2023-06-30 07:05:08,142 - INFO - Start Training on Domain 23...
2023-06-30 07:05:15,042 - INFO - Testing task 4
2023-06-30 07:05:15,246 - INFO - Average Testing Accuracy is 0.5561155914779632
2023-06-30 07:05:15,258 - INFO - Start Training on Domain 24...
2023-06-30 07:05:22,057 - INFO - Test accuracies for task 0 : [0.6967418547859765, 0.7077067669172933, 0.6840538848611645, 0.7145989976431194, 0.7659774436090225]
2023-06-30 07:05:22,330 - INFO - Test accuracies for task 1 : [0.6573242186568677, 0.5987304686568677, 0.54443359375, 0.4421875001862645, 0.39179687504656613]
2023-06-30 07:05:22,506 - INFO - Test accuracies for task 2 : [0.2330508474576271, 0.2605932203389831, 0.2717161016949153, 0.2727754237288136, 0.3305084745762712]
2023-06-30 07:05:22,686 - INFO - Test accuracies for task 3 : [0.866, 0.8135, 0.7495, 0.6265, 0.525]
2023-06-30 07:05:22,852 - INFO - Test accuracies for task 4 : [0.9505376349533757, 0.8783266130954989, 0.7422379034180795, 0.6211693551271192, 0.5561155914779632]
