2023-06-16 04:03:44,825 - INFO - Is GPU available? True
2023-06-16 04:03:44,827 - INFO - Experiment continual-two-5e setup:
2023-06-16 04:03:44,827 - INFO - name: continual-two-5e
2023-06-16 04:03:44,827 - INFO - dataset: MNIST
2023-06-16 04:03:44,828 - INFO - experiment: continual
2023-06-16 04:03:44,828 - INFO - n_domains: 15
2023-06-16 04:03:44,828 - INFO - eval_split: 25
2023-06-16 04:03:44,828 - INFO - step_size: 15
2023-06-16 04:03:44,829 - INFO - train: 1
2023-06-16 04:03:44,829 - INFO - noise_dim: 16
2023-06-16 04:03:44,829 - INFO - num_rnn_layer: 1
2023-06-16 04:03:44,829 - INFO - latent_dim: 32
2023-06-16 04:03:44,830 - INFO - hidden_dim: 16
2023-06-16 04:03:44,830 - INFO - noise_type: Gaussian
2023-06-16 04:03:44,830 - INFO - num_workers: 0
2023-06-16 04:03:44,830 - INFO - epoches: 5
2023-06-16 04:03:44,830 - INFO - batch_size: 16
2023-06-16 04:03:44,831 - INFO - learning_rate: 0.001
2023-06-16 04:03:44,831 - INFO - is_test: True
2023-06-16 04:03:44,831 - INFO - use MNIST data
2023-06-16 04:03:44,831 - INFO - ----------------------------------------
2023-06-16 04:06:19,613 - INFO - Start Training on Domain 0...
2023-06-16 08:25:04,973 - INFO - Is GPU available? True
2023-06-16 08:25:04,973 - INFO - Experiment continual-two-5e setup:
2023-06-16 08:25:04,973 - INFO - name: continual-two-5e
2023-06-16 08:25:04,973 - INFO - dataset: MNIST
2023-06-16 08:25:04,974 - INFO - experiment: continual
2023-06-16 08:25:04,974 - INFO - n_domains: 15
2023-06-16 08:25:04,974 - INFO - eval_split: 25
2023-06-16 08:25:04,974 - INFO - step_size: 15
2023-06-16 08:25:04,974 - INFO - train: 1
2023-06-16 08:25:04,974 - INFO - noise_dim: 16
2023-06-16 08:25:04,974 - INFO - num_rnn_layer: 1
2023-06-16 08:25:04,974 - INFO - latent_dim: 32
2023-06-16 08:25:04,974 - INFO - hidden_dim: 16
2023-06-16 08:25:04,974 - INFO - noise_type: Gaussian
2023-06-16 08:25:04,974 - INFO - num_workers: 0
2023-06-16 08:25:04,974 - INFO - epoches: 5
2023-06-16 08:25:04,974 - INFO - batch_size: 16
2023-06-16 08:25:04,974 - INFO - learning_rate: 0.001
2023-06-16 08:25:04,974 - INFO - is_test: True
2023-06-16 08:25:04,974 - INFO - use MNIST data
2023-06-16 08:25:04,974 - INFO - ----------------------------------------
2023-06-16 08:26:15,727 - INFO - Start Training on Domain 0...
2023-06-16 08:27:00,593 - INFO - Start Training on Domain 1...
2023-06-16 08:27:43,384 - INFO - Start Training on Domain 2...
2023-06-16 08:28:22,204 - INFO - Start Training on Domain 3...
2023-06-16 08:29:05,434 - INFO - Start Training on Domain 4...
2023-06-16 08:29:47,751 - INFO - Start Training on Domain 5...
2023-06-16 08:30:31,966 - INFO - Start Training on Domain 6...
2023-06-16 08:31:14,934 - INFO - Start Training on Domain 7...
2023-06-16 08:31:54,874 - INFO - Start Training on Domain 8...
2023-06-16 08:32:37,821 - INFO - Start Training on Domain 9...
2023-06-16 08:33:20,689 - INFO - Start Training on Domain 10...
2023-06-16 08:34:06,654 - INFO - Start Training on Domain 11...
2023-06-16 08:34:49,985 - INFO - Start Training on Domain 12...
2023-06-16 08:35:29,154 - INFO - Start Training on Domain 13...
2023-06-16 08:36:07,467 - INFO - Start Training on Domain 14...
2023-06-16 08:36:50,517 - INFO - Start Training on Domain 15...
2023-06-16 08:37:34,837 - INFO - Start Training on Domain 16...
2023-06-16 08:38:16,888 - INFO - Start Training on Domain 17...
2023-06-16 08:38:56,490 - INFO - Start Training on Domain 18...
2023-06-16 08:39:39,786 - INFO - Start Training on Domain 19...
2023-06-16 08:40:15,145 - INFO - Start Training on Domain 20...
2023-06-16 08:40:56,396 - INFO - Start Training on Domain 21...
2023-06-16 08:41:36,413 - INFO - Start Training on Domain 22...
2023-06-16 08:42:13,782 - INFO - Start Training on Domain 23...
2023-06-16 08:42:54,219 - INFO - Start Training on Domain 24...
2023-06-16 08:43:34,294 - INFO - Start Training on Domain 25...
2023-06-16 08:44:16,403 - INFO - Start Training on Domain 26...
2023-06-16 08:44:56,723 - INFO - Start Training on Domain 27...
2023-06-16 08:45:34,033 - INFO - Start Training on Domain 28...
2023-06-16 08:46:14,808 - INFO - Start Training on Domain 29...
2023-06-16 08:46:54,153 - INFO - Start Training on Domain 30...
2023-06-16 08:47:37,070 - INFO - Start Training on Domain 31...
2023-06-16 08:48:17,045 - INFO - Start Training on Domain 32...
2023-06-16 08:48:55,185 - INFO - Start Training on Domain 33...
2023-06-16 08:49:37,380 - INFO - Start Training on Domain 34...
2023-06-16 08:50:19,186 - INFO - Start Training on Domain 35...
2023-06-16 08:51:03,498 - INFO - Start Training on Domain 36...
2023-06-16 08:51:45,987 - INFO - Start Training on Domain 37...
2023-06-16 08:52:25,847 - INFO - Start Training on Domain 38...
2023-06-16 08:53:08,884 - INFO - Start Training on Domain 39...
2023-06-16 08:53:50,453 - INFO - Start Training on Domain 40...
2023-06-16 08:54:32,236 - INFO - Start Training on Domain 41...
2023-06-16 08:55:11,629 - INFO - Start Training on Domain 42...
2023-06-16 08:55:49,692 - INFO - Start Training on Domain 43...
2023-06-16 08:56:30,268 - INFO - Start Training on Domain 44...
2023-06-16 08:57:09,191 - INFO - Start Training on Domain 45...
2023-06-16 08:57:50,238 - INFO - Start Training on Domain 46...
2023-06-16 08:58:30,437 - INFO - Start Training on Domain 47...
2023-06-16 08:59:08,143 - INFO - Start Training on Domain 48...
2023-06-16 08:59:49,402 - INFO - Start Training on Domain 49...
2023-06-16 09:00:29,150 - INFO - Testing task 0
2023-06-16 09:00:34,101 - INFO - Average Testing Accuracy is 0.45843855220109525
2023-06-16 09:00:34,101 - INFO - Testing task 1
2023-06-16 09:00:39,063 - INFO - Average Testing Accuracy is 0.793356848929925
2023-06-16 09:00:39,063 - INFO - Testing task 2
2023-06-16 09:00:43,405 - INFO - Average Testing Accuracy is 0.20997869320721788
2023-06-16 09:00:43,405 - INFO - Testing task 3
2023-06-16 09:00:48,278 - INFO - Average Testing Accuracy is 0.936761811023622
2023-06-16 09:00:48,278 - INFO - Testing task 4
2023-06-16 09:00:52,684 - INFO - Average Testing Accuracy is 0.986619241192412
2023-06-16 09:00:52,684 - INFO - Testing task 0
2023-06-16 09:00:57,207 - INFO - Average Testing Accuracy is 0.47817585579674654
2023-06-16 09:00:57,207 - INFO - Testing task 1
2023-06-16 09:01:01,239 - INFO - Average Testing Accuracy is 0.7508175338386859
2023-06-16 09:01:01,239 - INFO - Testing task 2
2023-06-16 09:01:05,604 - INFO - Average Testing Accuracy is 0.22356770835308867
2023-06-16 09:01:05,605 - INFO - Testing task 3
2023-06-16 09:01:10,239 - INFO - Average Testing Accuracy is 0.8943569553805775
2023-06-16 09:01:10,239 - INFO - Testing task 4
2023-06-16 09:01:13,907 - INFO - Average Testing Accuracy is 0.9478319783197832
2023-06-16 09:01:13,908 - INFO - Testing task 0
2023-06-16 09:01:18,521 - INFO - Average Testing Accuracy is 0.5277514730890592
2023-06-16 09:01:18,521 - INFO - Testing task 1
2023-06-16 09:01:22,956 - INFO - Average Testing Accuracy is 0.7387290564636705
2023-06-16 09:01:22,957 - INFO - Testing task 2
2023-06-16 09:01:26,566 - INFO - Average Testing Accuracy is 0.29966856065121567
2023-06-16 09:01:26,567 - INFO - Testing task 3
2023-06-16 09:01:30,879 - INFO - Average Testing Accuracy is 0.7813906075134678
2023-06-16 09:01:30,879 - INFO - Testing task 4
2023-06-16 09:01:34,815 - INFO - Average Testing Accuracy is 0.8457825203252033
2023-06-16 09:01:34,816 - INFO - Testing task 0
2023-06-16 09:01:39,667 - INFO - Average Testing Accuracy is 0.5828510802803617
2023-06-16 09:01:39,668 - INFO - Testing task 1
2023-06-16 09:01:43,805 - INFO - Average Testing Accuracy is 0.6885655497117017
2023-06-16 09:01:43,806 - INFO - Testing task 2
2023-06-16 09:01:48,090 - INFO - Average Testing Accuracy is 0.35007102275267243
2023-06-16 09:01:48,090 - INFO - Testing task 3
2023-06-16 09:01:53,153 - INFO - Average Testing Accuracy is 0.6171377015708313
2023-06-16 09:01:53,154 - INFO - Testing task 4
2023-06-16 09:01:57,760 - INFO - Average Testing Accuracy is 0.7323848238482384
2023-06-16 09:01:57,761 - INFO - Testing task 0
2023-06-16 09:02:02,672 - INFO - Average Testing Accuracy is 0.6256050084425946
2023-06-16 09:02:02,673 - INFO - Testing task 1
2023-06-16 09:02:07,393 - INFO - Average Testing Accuracy is 0.5757550705598775
2023-06-16 09:02:07,393 - INFO - Testing task 2
2023-06-16 09:02:11,044 - INFO - Average Testing Accuracy is 0.38345762312581594
2023-06-16 09:02:11,044 - INFO - Testing task 3
2023-06-16 09:02:14,473 - INFO - Average Testing Accuracy is 0.4602666854310849
2023-06-16 09:02:14,474 - INFO - Testing task 4
2023-06-16 09:02:18,828 - INFO - Average Testing Accuracy is 0.6416836043360433
2023-06-16 09:02:18,829 - INFO - Test accuracies for task 0 : [0.45843855220109525, 0.47817585579674654, 0.5277514730890592, 0.5828510802803617, 0.6256050084425946]
2023-06-16 09:02:19,150 - INFO - Test accuracies for task 1 : [0.793356848929925, 0.7508175338386859, 0.7387290564636705, 0.6885655497117017, 0.5757550705598775]
2023-06-16 09:02:19,319 - INFO - Test accuracies for task 2 : [0.20997869320721788, 0.22356770835308867, 0.29966856065121567, 0.35007102275267243, 0.38345762312581594]
2023-06-16 09:02:19,467 - INFO - Test accuracies for task 3 : [0.936761811023622, 0.8943569553805775, 0.7813906075134678, 0.6171377015708313, 0.4602666854310849]
2023-06-16 09:02:19,662 - INFO - Test accuracies for task 4 : [0.986619241192412, 0.9478319783197832, 0.8457825203252033, 0.7323848238482384, 0.6416836043360433]
