2023-07-05 14:39:04,630 - INFO - Is GPU available? True
2023-07-05 14:39:04,630 - INFO - Experiment classic-3t-ground setup:
2023-07-05 14:39:04,630 - INFO - name: classic-3t-ground
2023-07-05 14:39:04,630 - INFO - dataset: MNIST
2023-07-05 14:39:04,631 - INFO - experiment: classic
2023-07-05 14:39:04,631 - INFO - n_domains: 15
2023-07-05 14:39:04,631 - INFO - eval_split: 5
2023-07-05 14:39:04,631 - INFO - step_size: 15
2023-07-05 14:39:04,631 - INFO - train: 0
2023-07-05 14:39:04,631 - INFO - noise_dim: 16
2023-07-05 14:39:04,631 - INFO - num_rnn_layer: 1
2023-07-05 14:39:04,631 - INFO - latent_dim: 32
2023-07-05 14:39:04,631 - INFO - hidden_dim: 16
2023-07-05 14:39:04,631 - INFO - noise_type: Gaussian
2023-07-05 14:39:04,631 - INFO - num_workers: 0
2023-07-05 14:39:04,631 - INFO - epoches: 5
2023-07-05 14:39:04,631 - INFO - batch_size: 16
2023-07-05 14:39:04,631 - INFO - learning_rate: 0.001
2023-07-05 14:39:04,631 - INFO - is_test: True
2023-07-05 14:39:04,631 - INFO - use MNIST data
2023-07-05 14:39:04,631 - INFO - ----------------------------------------
2023-07-05 14:39:19,235 - INFO - Start Training on Domain 0...
2023-07-05 14:39:47,413 - INFO - Start Training on Domain 1...
2023-07-05 14:40:14,627 - INFO - Start Training on Domain 2...
2023-07-05 14:40:42,332 - INFO - Start Training on Domain 3...
2023-07-05 14:41:10,552 - INFO - Start Training on Domain 4...
2023-07-05 14:41:37,932 - INFO - Start Training on Domain 5...
2023-07-05 14:42:04,951 - INFO - Start Training on Domain 6...
2023-07-05 14:42:33,013 - INFO - Start Training on Domain 7...
2023-07-05 14:43:00,113 - INFO - Start Training on Domain 8...
2023-07-05 14:43:20,163 - INFO - Start Training on Domain 9...
2023-07-05 14:43:46,805 - INFO - Testing domain 0
2023-07-05 14:43:50,580 - INFO - Average Testing Accuracy is 0.8779
2023-07-05 14:43:50,681 - INFO - Start Training on Domain 0...
2023-07-05 14:44:18,322 - INFO - Testing domain 1
2023-07-05 14:44:22,305 - INFO - Average Testing Accuracy is 0.9021
2023-07-05 14:44:22,396 - INFO - Start Training on Domain 1...
2023-07-05 14:44:49,805 - INFO - Testing domain 2
2023-07-05 14:44:53,571 - INFO - Average Testing Accuracy is 0.8825
2023-07-05 14:44:53,640 - INFO - Start Training on Domain 2...
2023-07-05 14:45:20,646 - INFO - Testing domain 3
2023-07-05 14:45:24,320 - INFO - Average Testing Accuracy is 0.8729
2023-07-05 14:45:24,420 - INFO - Start Training on Domain 3...
2023-07-05 14:45:52,699 - INFO - Testing domain 4
2023-07-05 14:45:56,572 - INFO - Average Testing Accuracy is 0.8956
2023-07-05 14:45:56,635 - INFO - Start Training on Domain 4...
