2023-07-05 11:00:12,942 - INFO - Is GPU available? True
2023-07-05 11:00:12,942 - INFO - Experiment continual-nested-3t-ground setup:
2023-07-05 11:00:12,942 - INFO - name: continual-nested-3t-ground
2023-07-05 11:00:12,942 - INFO - dataset: MNIST
2023-07-05 11:00:12,942 - INFO - experiment: continual-nested
2023-07-05 11:00:12,942 - INFO - n_domains: 15
2023-07-05 11:00:12,942 - INFO - eval_split: 25
2023-07-05 11:00:12,942 - INFO - step_size: 15
2023-07-05 11:00:12,942 - INFO - train: 0
2023-07-05 11:00:12,942 - INFO - noise_dim: 16
2023-07-05 11:00:12,942 - INFO - num_rnn_layer: 1
2023-07-05 11:00:12,942 - INFO - latent_dim: 32
2023-07-05 11:00:12,942 - INFO - hidden_dim: 16
2023-07-05 11:00:12,942 - INFO - noise_type: Gaussian
2023-07-05 11:00:12,942 - INFO - num_workers: 0
2023-07-05 11:00:12,942 - INFO - epoches: 1
2023-07-05 11:00:12,942 - INFO - batch_size: 16
2023-07-05 11:00:12,942 - INFO - learning_rate: 0.001
2023-07-05 11:00:12,942 - INFO - is_test: True
2023-07-05 11:00:12,942 - INFO - use MNIST data
2023-07-05 11:00:12,943 - INFO - ----------------------------------------
2023-07-05 11:00:25,860 - INFO - Start Training on Domain 0...
2023-07-05 11:00:28,436 - INFO - Start Training on Domain 1...
2023-07-05 11:00:30,827 - INFO - Start Training on Domain 2...
2023-07-05 11:00:33,324 - INFO - Start Training on Domain 3...
2023-07-05 11:00:35,736 - INFO - Start Training on Domain 4...
2023-07-05 11:00:38,061 - INFO - Start Training on Domain 5...
2023-07-05 11:00:40,116 - INFO - Start Training on Domain 6...
2023-07-05 11:00:42,221 - INFO - Start Training on Domain 7...
2023-07-05 11:00:44,412 - INFO - Start Training on Domain 8...
2023-07-05 11:00:46,654 - INFO - Start Training on Domain 9...
2023-07-05 11:00:48,827 - INFO - Testing task 0
2023-07-05 11:00:48,976 - INFO - Average Testing Accuracy is 0.7023809525303375
2023-07-05 11:00:48,991 - INFO - Start Training on Domain 0...
2023-07-05 11:00:49,490 - INFO - Testing task 1
2023-07-05 11:00:49,638 - INFO - Average Testing Accuracy is 0.5606445311568677
2023-07-05 11:00:49,650 - INFO - Start Training on Domain 1...
2023-07-05 11:00:50,125 - INFO - Testing task 2
2023-07-05 11:00:50,252 - INFO - Average Testing Accuracy is 0.21133474576271186
2023-07-05 11:00:50,260 - INFO - Start Training on Domain 2...
2023-07-05 11:00:50,828 - INFO - Testing task 3
2023-07-05 11:00:50,962 - INFO - Average Testing Accuracy is 0.842
2023-07-05 11:00:50,971 - INFO - Start Training on Domain 3...
2023-07-05 11:00:51,382 - INFO - Testing task 4
2023-07-05 11:00:51,511 - INFO - Average Testing Accuracy is 0.9183131725557389
2023-07-05 11:00:51,520 - INFO - Start Training on Domain 4...
2023-07-05 11:00:51,970 - INFO - Testing task 0
2023-07-05 11:00:52,116 - INFO - Average Testing Accuracy is 0.5520050126807134
2023-07-05 11:00:52,126 - INFO - Start Training on Domain 5...
2023-07-05 11:00:52,615 - INFO - Testing task 1
2023-07-05 11:00:52,761 - INFO - Average Testing Accuracy is 0.4716796875
2023-07-05 11:00:52,773 - INFO - Start Training on Domain 6...
2023-07-05 11:00:53,288 - INFO - Testing task 2
2023-07-05 11:00:53,421 - INFO - Average Testing Accuracy is 0.2277542372881356
2023-07-05 11:00:53,430 - INFO - Start Training on Domain 7...
2023-07-05 11:00:53,850 - INFO - Testing task 3
2023-07-05 11:00:53,990 - INFO - Average Testing Accuracy is 0.712
2023-07-05 11:00:54,000 - INFO - Start Training on Domain 8...
2023-07-05 11:00:54,461 - INFO - Testing task 4
2023-07-05 11:00:54,603 - INFO - Average Testing Accuracy is 0.8250000005768191
2023-07-05 11:00:54,614 - INFO - Start Training on Domain 9...
2023-07-05 11:00:55,141 - INFO - Testing task 0
2023-07-05 11:00:55,329 - INFO - Average Testing Accuracy is 0.4631892232070292
2023-07-05 11:00:55,340 - INFO - Start Training on Domain 10...
2023-07-05 11:00:55,890 - INFO - Testing task 1
2023-07-05 11:00:56,038 - INFO - Average Testing Accuracy is 0.41035156254656613
2023-07-05 11:00:56,049 - INFO - Start Training on Domain 11...
2023-07-05 11:00:56,543 - INFO - Testing task 2
2023-07-05 11:00:56,702 - INFO - Average Testing Accuracy is 0.2420550847457627
2023-07-05 11:00:56,712 - INFO - Start Training on Domain 12...
2023-07-05 11:00:57,203 - INFO - Testing task 3
2023-07-05 11:00:57,343 - INFO - Average Testing Accuracy is 0.634
2023-07-05 11:00:57,352 - INFO - Start Training on Domain 13...
2023-07-05 11:00:57,820 - INFO - Testing task 4
2023-07-05 11:00:57,972 - INFO - Average Testing Accuracy is 0.6716733872890472
2023-07-05 11:00:57,981 - INFO - Start Training on Domain 14...
2023-07-05 11:00:58,432 - INFO - Testing task 0
2023-07-05 11:00:58,573 - INFO - Average Testing Accuracy is 0.5816102758386081
2023-07-05 11:00:58,584 - INFO - Start Training on Domain 15...
2023-07-05 11:00:59,061 - INFO - Testing task 1
2023-07-05 11:00:59,227 - INFO - Average Testing Accuracy is 0.40546875004656613
2023-07-05 11:00:59,238 - INFO - Start Training on Domain 16...
2023-07-05 11:00:59,709 - INFO - Testing task 2
2023-07-05 11:00:59,835 - INFO - Average Testing Accuracy is 0.256885593220339
2023-07-05 11:00:59,844 - INFO - Start Training on Domain 17...
2023-07-05 11:01:00,306 - INFO - Testing task 3
2023-07-05 11:01:00,464 - INFO - Average Testing Accuracy is 0.581
2023-07-05 11:01:00,477 - INFO - Start Training on Domain 18...
2023-07-05 11:01:00,926 - INFO - Testing task 4
2023-07-05 11:01:01,064 - INFO - Average Testing Accuracy is 0.6736895163213054
2023-07-05 11:01:01,081 - INFO - Start Training on Domain 19...
2023-07-05 11:01:01,552 - INFO - Testing task 0
2023-07-05 11:01:01,736 - INFO - Average Testing Accuracy is 0.6578947368421053
2023-07-05 11:01:01,747 - INFO - Start Training on Domain 20...
2023-07-05 11:01:02,277 - INFO - Testing task 1
2023-07-05 11:01:02,425 - INFO - Average Testing Accuracy is 0.42041015625
2023-07-05 11:01:02,436 - INFO - Start Training on Domain 21...
2023-07-05 11:01:02,959 - INFO - Testing task 2
2023-07-05 11:01:03,111 - INFO - Average Testing Accuracy is 0.3156779661016949
2023-07-05 11:01:03,120 - INFO - Start Training on Domain 22...
2023-07-05 11:01:03,578 - INFO - Testing task 3
2023-07-05 11:01:03,716 - INFO - Average Testing Accuracy is 0.5705
2023-07-05 11:01:03,727 - INFO - Start Training on Domain 23...
2023-07-05 11:01:04,174 - INFO - Testing task 4
2023-07-05 11:01:04,336 - INFO - Average Testing Accuracy is 0.6277889787189422
2023-07-05 11:01:04,345 - INFO - Start Training on Domain 24...
2023-07-05 11:01:04,804 - INFO - Test accuracies for task 0 : [0.7023809525303375, 0.5520050126807134, 0.4631892232070292, 0.5816102758386081, 0.6578947368421053]
2023-07-05 11:01:04,936 - INFO - Test accuracies for task 1 : [0.5606445311568677, 0.4716796875, 0.41035156254656613, 0.40546875004656613, 0.42041015625]
2023-07-05 11:01:05,025 - INFO - Test accuracies for task 2 : [0.21133474576271186, 0.2277542372881356, 0.2420550847457627, 0.256885593220339, 0.3156779661016949]
2023-07-05 11:01:05,104 - INFO - Test accuracies for task 3 : [0.842, 0.712, 0.634, 0.581, 0.5705]
2023-07-05 11:01:05,191 - INFO - Test accuracies for task 4 : [0.9183131725557389, 0.8250000005768191, 0.6716733872890472, 0.6736895163213054, 0.6277889787189422]
2023-07-05 14:09:06,598 - INFO - Is GPU available? True
2023-07-05 14:09:06,598 - INFO - Experiment continual-nested-3t-ground setup:
2023-07-05 14:09:06,598 - INFO - name: continual-nested-3t-ground
2023-07-05 14:09:06,598 - INFO - dataset: MNIST
2023-07-05 14:09:06,598 - INFO - experiment: continual-nested
2023-07-05 14:09:06,598 - INFO - n_domains: 15
2023-07-05 14:09:06,598 - INFO - eval_split: 25
2023-07-05 14:09:06,598 - INFO - step_size: 15
2023-07-05 14:09:06,598 - INFO - train: 0
2023-07-05 14:09:06,598 - INFO - noise_dim: 16
2023-07-05 14:09:06,598 - INFO - num_rnn_layer: 1
2023-07-05 14:09:06,598 - INFO - latent_dim: 32
2023-07-05 14:09:06,598 - INFO - hidden_dim: 16
2023-07-05 14:09:06,598 - INFO - noise_type: Gaussian
2023-07-05 14:09:06,598 - INFO - num_workers: 0
2023-07-05 14:09:06,599 - INFO - epoches: 1
2023-07-05 14:09:06,599 - INFO - batch_size: 16
2023-07-05 14:09:06,599 - INFO - learning_rate: 0.001
2023-07-05 14:09:06,599 - INFO - is_test: True
2023-07-05 14:09:06,599 - INFO - use MNIST data
2023-07-05 14:09:06,599 - INFO - ----------------------------------------
2023-07-05 14:09:18,875 - INFO - Start Training on Domain 0...
2023-07-05 14:09:21,863 - INFO - Start Training on Domain 1...
2023-07-05 14:09:24,203 - INFO - Start Training on Domain 2...
2023-07-05 14:09:26,414 - INFO - Start Training on Domain 3...
2023-07-05 14:09:28,587 - INFO - Start Training on Domain 4...
2023-07-05 14:09:30,867 - INFO - Start Training on Domain 5...
2023-07-05 14:09:33,103 - INFO - Start Training on Domain 6...
2023-07-05 14:09:35,362 - INFO - Start Training on Domain 7...
2023-07-05 14:09:37,519 - INFO - Start Training on Domain 8...
2023-07-05 14:09:39,668 - INFO - Start Training on Domain 9...
2023-07-05 14:09:41,939 - INFO - Testing task 0
2023-07-05 14:09:42,087 - INFO - Average Testing Accuracy is 0.6901629074175555
2023-07-05 14:09:42,101 - INFO - Start Training on Domain 0...
2023-07-05 14:09:42,578 - INFO - Testing task 1
2023-07-05 14:09:42,717 - INFO - Average Testing Accuracy is 0.72314453125
2023-07-05 14:09:42,729 - INFO - Start Training on Domain 1...
2023-07-05 14:09:43,187 - INFO - Testing task 2
2023-07-05 14:09:43,314 - INFO - Average Testing Accuracy is 0.6604872881355932
2023-07-05 14:09:43,323 - INFO - Start Training on Domain 2...
2023-07-05 14:09:43,772 - INFO - Testing task 3
2023-07-05 14:09:43,907 - INFO - Average Testing Accuracy is 0.5605
2023-07-05 14:09:43,916 - INFO - Start Training on Domain 3...
2023-07-05 14:09:44,347 - INFO - Testing task 4
2023-07-05 14:09:44,480 - INFO - Average Testing Accuracy is 0.5696908603272131
2023-07-05 14:09:44,491 - INFO - Start Training on Domain 4...
2023-07-05 14:09:44,919 - INFO - Testing task 0
2023-07-05 14:09:45,062 - INFO - Average Testing Accuracy is 0.6746553886205631
2023-07-05 14:09:45,074 - INFO - Start Training on Domain 5...
2023-07-05 14:09:45,538 - INFO - Testing task 1
2023-07-05 14:09:45,678 - INFO - Average Testing Accuracy is 0.779296875
2023-07-05 14:09:45,687 - INFO - Start Training on Domain 6...
2023-07-05 14:09:46,131 - INFO - Testing task 2
2023-07-05 14:09:46,257 - INFO - Average Testing Accuracy is 0.6414194915254238
2023-07-05 14:09:46,266 - INFO - Start Training on Domain 7...
2023-07-05 14:09:46,676 - INFO - Testing task 3
2023-07-05 14:09:46,810 - INFO - Average Testing Accuracy is 0.541
2023-07-05 14:09:46,819 - INFO - Start Training on Domain 8...
2023-07-05 14:09:47,252 - INFO - Testing task 4
2023-07-05 14:09:47,384 - INFO - Average Testing Accuracy is 0.6060483873851837
2023-07-05 14:09:47,393 - INFO - Start Training on Domain 9...
2023-07-05 14:09:47,823 - INFO - Testing task 0
2023-07-05 14:09:47,964 - INFO - Average Testing Accuracy is 0.5881892232070292
2023-07-05 14:09:47,974 - INFO - Start Training on Domain 10...
2023-07-05 14:09:48,537 - INFO - Testing task 1
2023-07-05 14:09:48,675 - INFO - Average Testing Accuracy is 0.7760742190293968
2023-07-05 14:09:48,688 - INFO - Start Training on Domain 11...
2023-07-05 14:09:49,131 - INFO - Testing task 2
2023-07-05 14:09:49,258 - INFO - Average Testing Accuracy is 0.684322033898305
2023-07-05 14:09:49,268 - INFO - Start Training on Domain 12...
2023-07-05 14:09:49,655 - INFO - Testing task 3
2023-07-05 14:09:49,789 - INFO - Average Testing Accuracy is 0.511
2023-07-05 14:09:49,799 - INFO - Start Training on Domain 13...
2023-07-05 14:09:50,208 - INFO - Testing task 4
2023-07-05 14:09:50,340 - INFO - Average Testing Accuracy is 0.5646505377465679
2023-07-05 14:09:50,351 - INFO - Start Training on Domain 14...
2023-07-05 14:09:50,779 - INFO - Testing task 0
2023-07-05 14:09:50,922 - INFO - Average Testing Accuracy is 0.6328320803498864
2023-07-05 14:09:50,931 - INFO - Start Training on Domain 15...
2023-07-05 14:09:51,419 - INFO - Testing task 1
2023-07-05 14:09:51,570 - INFO - Average Testing Accuracy is 0.6705078124068677
2023-07-05 14:09:51,579 - INFO - Start Training on Domain 16...
2023-07-05 14:09:52,039 - INFO - Testing task 2
2023-07-05 14:09:52,185 - INFO - Average Testing Accuracy is 0.8140889830508474
2023-07-05 14:09:52,195 - INFO - Start Training on Domain 17...
2023-07-05 14:09:52,661 - INFO - Testing task 3
2023-07-05 14:09:52,799 - INFO - Average Testing Accuracy is 0.5095
2023-07-05 14:09:52,809 - INFO - Start Training on Domain 18...
2023-07-05 14:09:53,259 - INFO - Testing task 4
2023-07-05 14:09:53,407 - INFO - Average Testing Accuracy is 0.5798051076069954
2023-07-05 14:09:53,419 - INFO - Start Training on Domain 19...
2023-07-05 14:09:53,894 - INFO - Testing task 0
2023-07-05 14:09:54,057 - INFO - Average Testing Accuracy is 0.6398809525303375
2023-07-05 14:09:54,066 - INFO - Start Training on Domain 20...
2023-07-05 14:09:54,626 - INFO - Testing task 1
2023-07-05 14:09:54,772 - INFO - Average Testing Accuracy is 0.7171875000931323
2023-07-05 14:09:54,782 - INFO - Start Training on Domain 21...
2023-07-05 14:09:55,248 - INFO - Testing task 2
2023-07-05 14:09:55,386 - INFO - Average Testing Accuracy is 0.694385593220339
2023-07-05 14:09:55,397 - INFO - Start Training on Domain 22...
2023-07-05 14:09:55,855 - INFO - Testing task 3
2023-07-05 14:09:56,012 - INFO - Average Testing Accuracy is 0.6295
2023-07-05 14:09:56,023 - INFO - Start Training on Domain 23...
2023-07-05 14:09:56,514 - INFO - Testing task 4
2023-07-05 14:09:56,686 - INFO - Average Testing Accuracy is 0.5853494624457052
2023-07-05 14:09:56,696 - INFO - Start Training on Domain 24...
2023-07-05 14:09:57,142 - INFO - Test accuracies for task 0 : [0.6901629074175555, 0.6746553886205631, 0.5881892232070292, 0.6328320803498864, 0.6398809525303375]
2023-07-05 14:09:57,288 - INFO - Test accuracies for task 1 : [0.72314453125, 0.779296875, 0.7760742190293968, 0.6705078124068677, 0.7171875000931323]
2023-07-05 14:09:57,374 - INFO - Test accuracies for task 2 : [0.6604872881355932, 0.6414194915254238, 0.684322033898305, 0.8140889830508474, 0.694385593220339]
2023-07-05 14:09:57,455 - INFO - Test accuracies for task 3 : [0.5605, 0.541, 0.511, 0.5095, 0.6295]
2023-07-05 14:09:57,548 - INFO - Test accuracies for task 4 : [0.5696908603272131, 0.6060483873851837, 0.5646505377465679, 0.5798051076069954, 0.5853494624457052]
