2023-06-30 06:38:11,666 - INFO - Is GPU available? True
2023-06-30 06:38:11,666 - INFO - Experiment classic-2.1 setup:
2023-06-30 06:38:11,667 - INFO - name: classic-2.1
2023-06-30 06:38:11,667 - INFO - dataset: MNIST
2023-06-30 06:38:11,667 - INFO - experiment: classic
2023-06-30 06:38:11,667 - INFO - n_domains: 15
2023-06-30 06:38:11,667 - INFO - eval_split: 5
2023-06-30 06:38:11,667 - INFO - step_size: 15
2023-06-30 06:38:11,667 - INFO - train: 1
2023-06-30 06:38:11,667 - INFO - noise_dim: 16
2023-06-30 06:38:11,667 - INFO - num_rnn_layer: 1
2023-06-30 06:38:11,667 - INFO - latent_dim: 32
2023-06-30 06:38:11,667 - INFO - hidden_dim: 16
2023-06-30 06:38:11,667 - INFO - noise_type: Gaussian
2023-06-30 06:38:11,667 - INFO - num_workers: 0
2023-06-30 06:38:11,667 - INFO - epoches: 5
2023-06-30 06:38:11,667 - INFO - batch_size: 16
2023-06-30 06:38:11,667 - INFO - learning_rate: 0.001
2023-06-30 06:38:11,667 - INFO - is_test: True
2023-06-30 06:38:11,667 - INFO - use MNIST data
2023-06-30 06:38:11,667 - INFO - ----------------------------------------
2023-06-30 06:39:08,829 - INFO - Start Training on Domain 0...
2023-06-30 06:40:17,614 - INFO - Start Training on Domain 1...
2023-06-30 06:41:22,658 - INFO - Start Training on Domain 2...
2023-06-30 06:42:29,271 - INFO - Start Training on Domain 3...
2023-06-30 06:43:35,334 - INFO - Start Training on Domain 4...
2023-06-30 06:44:41,342 - INFO - Start Training on Domain 5...
2023-06-30 06:45:47,932 - INFO - Start Training on Domain 6...
2023-06-30 06:46:58,011 - INFO - Start Training on Domain 7...
2023-06-30 06:48:10,680 - INFO - Start Training on Domain 8...
2023-06-30 06:49:22,517 - INFO - Start Training on Domain 9...
2023-06-30 06:50:34,615 - INFO - Testing domain 0
2023-06-30 06:50:39,625 - INFO - Average Testing Accuracy is 0.7868166666666667
2023-06-30 06:50:40,102 - INFO - Start Training on Domain 0...
2023-06-30 06:51:51,230 - INFO - Testing domain 1
2023-06-30 06:51:55,354 - INFO - Average Testing Accuracy is 0.7505
2023-06-30 06:51:55,741 - INFO - Start Training on Domain 1...
2023-06-30 06:53:03,578 - INFO - Testing domain 2
2023-06-30 06:53:07,746 - INFO - Average Testing Accuracy is 0.6948166666666666
2023-06-30 06:53:08,150 - INFO - Start Training on Domain 2...
2023-06-30 06:54:15,387 - INFO - Testing domain 3
2023-06-30 06:54:19,502 - INFO - Average Testing Accuracy is 0.62175
2023-06-30 06:54:19,912 - INFO - Start Training on Domain 3...
2023-06-30 06:55:28,971 - INFO - Testing domain 4
2023-06-30 06:55:33,203 - INFO - Average Testing Accuracy is 0.5463166666666667
2023-06-30 06:55:33,622 - INFO - Start Training on Domain 4...
