2023-06-30 07:25:18,041 - INFO - Is GPU available? True
2023-06-30 07:25:18,042 - INFO - Experiment continual-nested-2t-flip setup:
2023-06-30 07:25:18,042 - INFO - name: continual-nested-2t-flip
2023-06-30 07:25:18,042 - INFO - dataset: MNIST
2023-06-30 07:25:18,042 - INFO - experiment: continual-nested
2023-06-30 07:25:18,042 - INFO - n_domains: 15
2023-06-30 07:25:18,042 - INFO - eval_split: 25
2023-06-30 07:25:18,042 - INFO - step_size: 15
2023-06-30 07:25:18,042 - INFO - train: 0
2023-06-30 07:25:18,042 - INFO - noise_dim: 16
2023-06-30 07:25:18,042 - INFO - num_rnn_layer: 1
2023-06-30 07:25:18,042 - INFO - latent_dim: 32
2023-06-30 07:25:18,042 - INFO - hidden_dim: 16
2023-06-30 07:25:18,042 - INFO - noise_type: Gaussian
2023-06-30 07:25:18,042 - INFO - num_workers: 0
2023-06-30 07:25:18,042 - INFO - epoches: 1
2023-06-30 07:25:18,042 - INFO - batch_size: 16
2023-06-30 07:25:18,042 - INFO - learning_rate: 0.001
2023-06-30 07:25:18,042 - INFO - is_test: True
2023-06-30 07:25:18,042 - INFO - use MNIST data
2023-06-30 07:25:18,042 - INFO - ----------------------------------------
2023-06-30 07:25:29,427 - INFO - Start Training on Domain 0...
2023-06-30 07:25:31,934 - INFO - Start Training on Domain 1...
2023-06-30 07:25:34,094 - INFO - Start Training on Domain 2...
2023-06-30 07:25:36,251 - INFO - Start Training on Domain 3...
2023-06-30 07:25:38,408 - INFO - Start Training on Domain 4...
2023-06-30 07:25:40,505 - INFO - Start Training on Domain 5...
2023-06-30 07:25:42,678 - INFO - Start Training on Domain 6...
2023-06-30 07:25:44,867 - INFO - Start Training on Domain 7...
2023-06-30 07:25:47,031 - INFO - Start Training on Domain 8...
2023-06-30 07:25:49,252 - INFO - Start Training on Domain 9...
2023-06-30 07:25:51,467 - INFO - Testing task 0
2023-06-30 07:25:51,601 - INFO - Average Testing Accuracy is 0.1731991525423729
2023-06-30 07:25:51,614 - INFO - Start Training on Domain 0...
2023-06-30 07:25:52,037 - INFO - Testing task 1
2023-06-30 07:25:52,178 - INFO - Average Testing Accuracy is 0.6975585939362645
2023-06-30 07:25:52,190 - INFO - Start Training on Domain 1...
2023-06-30 07:25:52,644 - INFO - Testing task 2
2023-06-30 07:25:52,797 - INFO - Average Testing Accuracy is 0.6300125314777059
2023-06-30 07:25:52,810 - INFO - Start Training on Domain 2...
2023-06-30 07:25:53,286 - INFO - Testing task 3
2023-06-30 07:25:53,426 - INFO - Average Testing Accuracy is 0.9485
2023-06-30 07:25:53,436 - INFO - Start Training on Domain 3...
2023-06-30 07:25:53,884 - INFO - Testing task 4
2023-06-30 07:25:54,025 - INFO - Average Testing Accuracy is 0.9026881725557389
2023-06-30 07:25:54,040 - INFO - Start Training on Domain 4...
2023-06-30 07:25:54,483 - INFO - Testing task 0
2023-06-30 07:25:54,617 - INFO - Average Testing Accuracy is 0.15095338983050846
2023-06-30 07:25:54,627 - INFO - Start Training on Domain 5...
2023-06-30 07:25:55,040 - INFO - Testing task 1
2023-06-30 07:25:55,183 - INFO - Average Testing Accuracy is 0.5173828126862645
2023-06-30 07:25:55,193 - INFO - Start Training on Domain 6...
2023-06-30 07:25:55,653 - INFO - Testing task 2
2023-06-30 07:25:55,802 - INFO - Average Testing Accuracy is 0.7451441104250743
2023-06-30 07:25:55,815 - INFO - Start Training on Domain 7...
2023-06-30 07:25:56,285 - INFO - Testing task 3
2023-06-30 07:25:56,427 - INFO - Average Testing Accuracy is 0.73
2023-06-30 07:25:56,438 - INFO - Start Training on Domain 8...
2023-06-30 07:25:56,880 - INFO - Testing task 4
2023-06-30 07:25:57,019 - INFO - Average Testing Accuracy is 0.7388104844477869
2023-06-30 07:25:57,028 - INFO - Start Training on Domain 9...
2023-06-30 07:25:57,461 - INFO - Testing task 0
2023-06-30 07:25:57,591 - INFO - Average Testing Accuracy is 0.20391949152542374
2023-06-30 07:25:57,600 - INFO - Start Training on Domain 10...
2023-06-30 07:25:58,017 - INFO - Testing task 1
2023-06-30 07:25:58,162 - INFO - Average Testing Accuracy is 0.36591796879656613
2023-06-30 07:25:58,175 - INFO - Start Training on Domain 11...
2023-06-30 07:25:58,625 - INFO - Testing task 2
2023-06-30 07:25:58,771 - INFO - Average Testing Accuracy is 0.7448308270676691
2023-06-30 07:25:58,787 - INFO - Start Training on Domain 12...
2023-06-30 07:25:59,257 - INFO - Testing task 3
2023-06-30 07:25:59,397 - INFO - Average Testing Accuracy is 0.611
2023-06-30 07:25:59,408 - INFO - Start Training on Domain 13...
2023-06-30 07:25:59,848 - INFO - Testing task 4
2023-06-30 07:25:59,983 - INFO - Average Testing Accuracy is 0.6726814518051762
2023-06-30 07:25:59,992 - INFO - Start Training on Domain 14...
2023-06-30 07:26:00,429 - INFO - Testing task 0
2023-06-30 07:26:00,560 - INFO - Average Testing Accuracy is 0.2680084745762712
2023-06-30 07:26:00,569 - INFO - Start Training on Domain 15...
2023-06-30 07:26:00,984 - INFO - Testing task 1
2023-06-30 07:26:01,125 - INFO - Average Testing Accuracy is 0.30048828129656613
2023-06-30 07:26:01,135 - INFO - Start Training on Domain 16...
2023-06-30 07:26:01,587 - INFO - Testing task 2
2023-06-30 07:26:01,735 - INFO - Average Testing Accuracy is 0.7791353383458647
2023-06-30 07:26:01,748 - INFO - Start Training on Domain 17...
2023-06-30 07:26:02,214 - INFO - Testing task 3
2023-06-30 07:26:02,347 - INFO - Average Testing Accuracy is 0.544
2023-06-30 07:26:02,358 - INFO - Start Training on Domain 18...
2023-06-30 07:26:02,800 - INFO - Testing task 4
2023-06-30 07:26:02,933 - INFO - Average Testing Accuracy is 0.6202620969664666
2023-06-30 07:26:02,943 - INFO - Start Training on Domain 19...
2023-06-30 07:26:03,381 - INFO - Testing task 0
2023-06-30 07:26:03,514 - INFO - Average Testing Accuracy is 0.2939618644067797
2023-06-30 07:26:03,522 - INFO - Start Training on Domain 20...
2023-06-30 07:26:03,938 - INFO - Testing task 1
2023-06-30 07:26:04,080 - INFO - Average Testing Accuracy is 0.21845703129656613
2023-06-30 07:26:04,089 - INFO - Start Training on Domain 21...
2023-06-30 07:26:04,541 - INFO - Testing task 2
2023-06-30 07:26:04,685 - INFO - Average Testing Accuracy is 0.7570488721804511
2023-06-30 07:26:04,695 - INFO - Start Training on Domain 22...
2023-06-30 07:26:05,167 - INFO - Testing task 3
2023-06-30 07:26:05,303 - INFO - Average Testing Accuracy is 0.4945
2023-06-30 07:26:05,312 - INFO - Start Training on Domain 23...
2023-06-30 07:26:05,755 - INFO - Testing task 4
2023-06-30 07:26:05,893 - INFO - Average Testing Accuracy is 0.58847446258991
2023-06-30 07:26:05,906 - INFO - Start Training on Domain 24...
2023-06-30 07:26:06,340 - INFO - Test accuracies for task 0 : [0.1731991525423729, 0.15095338983050846, 0.20391949152542374, 0.2680084745762712, 0.2939618644067797]
2023-06-30 07:26:06,479 - INFO - Test accuracies for task 1 : [0.6975585939362645, 0.5173828126862645, 0.36591796879656613, 0.30048828129656613, 0.21845703129656613]
2023-06-30 07:26:06,551 - INFO - Test accuracies for task 2 : [0.6300125314777059, 0.7451441104250743, 0.7448308270676691, 0.7791353383458647, 0.7570488721804511]
2023-06-30 07:26:06,628 - INFO - Test accuracies for task 3 : [0.9485, 0.73, 0.611, 0.544, 0.4945]
2023-06-30 07:26:06,704 - INFO - Test accuracies for task 4 : [0.9026881725557389, 0.7388104844477869, 0.6726814518051762, 0.6202620969664666, 0.58847446258991]
