2023-06-30 07:09:00,663 - INFO - Is GPU available? True
2023-06-30 07:09:00,663 - INFO - Experiment continual_2t.1 setup:
2023-06-30 07:09:00,663 - INFO - name: continual_2t.1
2023-06-30 07:09:00,663 - INFO - dataset: MNIST
2023-06-30 07:09:00,664 - INFO - experiment: continual
2023-06-30 07:09:00,664 - INFO - n_domains: 15
2023-06-30 07:09:00,664 - INFO - eval_split: 25
2023-06-30 07:09:00,664 - INFO - step_size: 15
2023-06-30 07:09:00,664 - INFO - train: 0
2023-06-30 07:09:00,664 - INFO - noise_dim: 16
2023-06-30 07:09:00,664 - INFO - num_rnn_layer: 1
2023-06-30 07:09:00,664 - INFO - latent_dim: 32
2023-06-30 07:09:00,664 - INFO - hidden_dim: 16
2023-06-30 07:09:00,664 - INFO - noise_type: Gaussian
2023-06-30 07:09:00,664 - INFO - num_workers: 0
2023-06-30 07:09:00,664 - INFO - epoches: 5
2023-06-30 07:09:00,664 - INFO - batch_size: 16
2023-06-30 07:09:00,664 - INFO - learning_rate: 0.001
2023-06-30 07:09:00,664 - INFO - is_test: True
2023-06-30 07:09:00,664 - INFO - use MNIST data
2023-06-30 07:09:00,664 - INFO - ----------------------------------------
2023-06-30 07:09:11,329 - INFO - Start Training on Domain 0...
2023-06-30 07:09:18,732 - INFO - Start Training on Domain 1...
2023-06-30 07:09:24,890 - INFO - Start Training on Domain 2...
2023-06-30 07:09:29,793 - INFO - Start Training on Domain 3...
2023-06-30 07:09:36,387 - INFO - Start Training on Domain 4...
2023-06-30 07:09:42,975 - INFO - Start Training on Domain 5...
2023-06-30 07:09:49,974 - INFO - Start Training on Domain 6...
2023-06-30 07:09:56,863 - INFO - Start Training on Domain 7...
2023-06-30 07:10:03,050 - INFO - Start Training on Domain 8...
2023-06-30 07:10:09,596 - INFO - Start Training on Domain 9...
2023-06-30 07:10:16,308 - INFO - Start Training on Domain 10...
2023-06-30 07:10:23,537 - INFO - Start Training on Domain 11...
2023-06-30 07:10:30,487 - INFO - Start Training on Domain 12...
2023-06-30 07:10:36,928 - INFO - Start Training on Domain 13...
2023-06-30 07:10:43,738 - INFO - Start Training on Domain 14...
2023-06-30 07:10:50,506 - INFO - Start Training on Domain 15...
2023-06-30 07:10:57,777 - INFO - Start Training on Domain 16...
2023-06-30 07:11:04,764 - INFO - Start Training on Domain 17...
2023-06-30 07:11:11,211 - INFO - Start Training on Domain 18...
2023-06-30 07:11:18,061 - INFO - Start Training on Domain 19...
2023-06-30 07:11:24,872 - INFO - Start Training on Domain 20...
2023-06-30 07:11:32,166 - INFO - Start Training on Domain 21...
2023-06-30 07:11:39,185 - INFO - Start Training on Domain 22...
2023-06-30 07:11:45,653 - INFO - Start Training on Domain 23...
2023-06-30 07:11:52,518 - INFO - Start Training on Domain 24...
2023-06-30 07:11:59,334 - INFO - Start Training on Domain 25...
2023-06-30 07:12:06,644 - INFO - Start Training on Domain 26...
2023-06-30 07:12:13,649 - INFO - Start Training on Domain 27...
2023-06-30 07:12:20,095 - INFO - Start Training on Domain 28...
2023-06-30 07:12:26,938 - INFO - Start Training on Domain 29...
2023-06-30 07:12:33,712 - INFO - Start Training on Domain 30...
2023-06-30 07:12:40,989 - INFO - Start Training on Domain 31...
2023-06-30 07:12:47,997 - INFO - Start Training on Domain 32...
2023-06-30 07:12:54,461 - INFO - Start Training on Domain 33...
2023-06-30 07:13:01,332 - INFO - Start Training on Domain 34...
2023-06-30 07:13:08,148 - INFO - Start Training on Domain 35...
2023-06-30 07:13:15,464 - INFO - Start Training on Domain 36...
2023-06-30 07:13:22,508 - INFO - Start Training on Domain 37...
2023-06-30 07:13:28,999 - INFO - Start Training on Domain 38...
2023-06-30 07:13:35,879 - INFO - Start Training on Domain 39...
2023-06-30 07:13:42,724 - INFO - Start Training on Domain 40...
2023-06-30 07:13:49,998 - INFO - Start Training on Domain 41...
2023-06-30 07:13:57,034 - INFO - Start Training on Domain 42...
2023-06-30 07:14:03,514 - INFO - Start Training on Domain 43...
2023-06-30 07:14:10,358 - INFO - Start Training on Domain 44...
2023-06-30 07:14:17,000 - INFO - Start Training on Domain 45...
2023-06-30 07:17:02,106 - INFO - Is GPU available? True
2023-06-30 07:17:02,106 - INFO - Experiment continual_2t.1 setup:
2023-06-30 07:17:02,106 - INFO - name: continual_2t.1
2023-06-30 07:17:02,107 - INFO - dataset: MNIST
2023-06-30 07:17:02,107 - INFO - experiment: continual
2023-06-30 07:17:02,107 - INFO - n_domains: 15
2023-06-30 07:17:02,107 - INFO - eval_split: 25
2023-06-30 07:17:02,107 - INFO - step_size: 15
2023-06-30 07:17:02,107 - INFO - train: 0
2023-06-30 07:17:02,107 - INFO - noise_dim: 16
2023-06-30 07:17:02,107 - INFO - num_rnn_layer: 1
2023-06-30 07:17:02,107 - INFO - latent_dim: 32
2023-06-30 07:17:02,107 - INFO - hidden_dim: 16
2023-06-30 07:17:02,107 - INFO - noise_type: Gaussian
2023-06-30 07:17:02,107 - INFO - num_workers: 0
2023-06-30 07:17:02,107 - INFO - epoches: 5
2023-06-30 07:17:02,107 - INFO - batch_size: 16
2023-06-30 07:17:02,107 - INFO - learning_rate: 0.001
2023-06-30 07:17:02,107 - INFO - is_test: True
2023-06-30 07:17:02,107 - INFO - use MNIST data
2023-06-30 07:17:02,107 - INFO - ----------------------------------------
2023-06-30 07:17:12,710 - INFO - Start Training on Domain 0...
2023-06-30 07:17:20,078 - INFO - Start Training on Domain 1...
2023-06-30 07:17:27,000 - INFO - Start Training on Domain 2...
2023-06-30 07:17:33,475 - INFO - Start Training on Domain 3...
2023-06-30 07:17:40,350 - INFO - Start Training on Domain 4...
2023-06-30 07:17:47,176 - INFO - Start Training on Domain 5...
2023-06-30 07:17:54,497 - INFO - Start Training on Domain 6...
2023-06-30 07:18:01,535 - INFO - Start Training on Domain 7...
2023-06-30 07:18:08,004 - INFO - Start Training on Domain 8...
2023-06-30 07:18:14,929 - INFO - Start Training on Domain 9...
2023-06-30 07:18:21,800 - INFO - Start Training on Domain 10...
2023-06-30 07:18:29,134 - INFO - Start Training on Domain 11...
2023-06-30 07:18:36,204 - INFO - Start Training on Domain 12...
2023-06-30 07:18:42,687 - INFO - Start Training on Domain 13...
2023-06-30 07:18:49,531 - INFO - Start Training on Domain 14...
2023-06-30 07:18:56,316 - INFO - Start Training on Domain 15...
2023-06-30 07:19:03,597 - INFO - Start Training on Domain 16...
2023-06-30 07:19:10,603 - INFO - Start Training on Domain 17...
2023-06-30 07:19:17,057 - INFO - Start Training on Domain 18...
2023-06-30 07:19:23,894 - INFO - Start Training on Domain 19...
2023-06-30 07:19:30,682 - INFO - Start Training on Domain 20...
2023-06-30 07:19:37,971 - INFO - Start Training on Domain 21...
2023-06-30 07:19:44,978 - INFO - Start Training on Domain 22...
2023-06-30 07:19:51,433 - INFO - Start Training on Domain 23...
2023-06-30 07:19:58,266 - INFO - Start Training on Domain 24...
2023-06-30 07:20:05,131 - INFO - Start Training on Domain 25...
2023-06-30 07:20:12,772 - INFO - Start Training on Domain 26...
2023-06-30 07:20:19,816 - INFO - Start Training on Domain 27...
2023-06-30 07:20:26,510 - INFO - Start Training on Domain 28...
2023-06-30 07:20:33,365 - INFO - Start Training on Domain 29...
2023-06-30 07:20:40,160 - INFO - Start Training on Domain 30...
2023-06-30 07:20:47,471 - INFO - Start Training on Domain 31...
2023-06-30 07:20:54,513 - INFO - Start Training on Domain 32...
2023-06-30 07:21:01,010 - INFO - Start Training on Domain 33...
2023-06-30 07:21:07,995 - INFO - Start Training on Domain 34...
2023-06-30 07:21:14,794 - INFO - Start Training on Domain 35...
2023-06-30 07:21:22,095 - INFO - Start Training on Domain 36...
2023-06-30 07:21:29,121 - INFO - Start Training on Domain 37...
2023-06-30 07:21:35,591 - INFO - Start Training on Domain 38...
2023-06-30 07:21:42,436 - INFO - Start Training on Domain 39...
2023-06-30 07:21:49,232 - INFO - Start Training on Domain 40...
2023-06-30 07:21:56,533 - INFO - Start Training on Domain 41...
2023-06-30 07:22:03,549 - INFO - Start Training on Domain 42...
2023-06-30 07:22:10,006 - INFO - Start Training on Domain 43...
2023-06-30 07:22:16,859 - INFO - Start Training on Domain 44...
2023-06-30 07:22:23,662 - INFO - Start Training on Domain 45...
2023-06-30 07:22:30,953 - INFO - Start Training on Domain 46...
2023-06-30 07:22:37,962 - INFO - Start Training on Domain 47...
2023-06-30 07:22:44,437 - INFO - Start Training on Domain 48...
2023-06-30 07:22:51,303 - INFO - Start Training on Domain 49...
2023-06-30 07:22:58,093 - INFO - Testing task 0
2023-06-30 07:22:58,309 - INFO - Average Testing Accuracy is 0.6112155389965028
2023-06-30 07:22:58,324 - INFO - Start Training on Domain 0...
2023-06-30 07:23:05,692 - INFO - Testing task 1
2023-06-30 07:23:05,902 - INFO - Average Testing Accuracy is 0.7468750001862645
2023-06-30 07:23:05,918 - INFO - Start Training on Domain 1...
2023-06-30 07:23:13,038 - INFO - Testing task 2
2023-06-30 07:23:13,231 - INFO - Average Testing Accuracy is 0.1721398305084746
2023-06-30 07:23:13,242 - INFO - Start Training on Domain 2...
2023-06-30 07:23:19,747 - INFO - Testing task 3
2023-06-30 07:23:19,951 - INFO - Average Testing Accuracy is 0.821
2023-06-30 07:23:19,963 - INFO - Start Training on Domain 3...
2023-06-30 07:23:26,884 - INFO - Testing task 4
2023-06-30 07:23:27,087 - INFO - Average Testing Accuracy is 0.9551075273944486
2023-06-30 07:23:27,099 - INFO - Start Training on Domain 4...
2023-06-30 07:23:33,978 - INFO - Testing task 0
2023-06-30 07:23:34,196 - INFO - Average Testing Accuracy is 0.6010338345864662
2023-06-30 07:23:34,209 - INFO - Start Training on Domain 5...
2023-06-30 07:23:41,559 - INFO - Testing task 1
2023-06-30 07:23:41,768 - INFO - Average Testing Accuracy is 0.7408203124068677
2023-06-30 07:23:41,784 - INFO - Start Training on Domain 6...
2023-06-30 07:23:48,812 - INFO - Testing task 2
2023-06-30 07:23:49,005 - INFO - Average Testing Accuracy is 0.2129237288135593
2023-06-30 07:23:49,017 - INFO - Start Training on Domain 7...
2023-06-30 07:23:55,374 - INFO - Testing task 3
2023-06-30 07:23:55,578 - INFO - Average Testing Accuracy is 0.7275
2023-06-30 07:23:55,590 - INFO - Start Training on Domain 8...
2023-06-30 07:24:02,495 - INFO - Testing task 4
2023-06-30 07:24:02,698 - INFO - Average Testing Accuracy is 0.8346438177170292
2023-06-30 07:24:02,713 - INFO - Start Training on Domain 9...
2023-06-30 07:24:09,369 - INFO - Testing task 0
2023-06-30 07:24:09,586 - INFO - Average Testing Accuracy is 0.6239035089213149
2023-06-30 07:24:09,598 - INFO - Start Training on Domain 10...
2023-06-30 07:24:16,927 - INFO - Testing task 1
2023-06-30 07:24:17,139 - INFO - Average Testing Accuracy is 0.6261718750465661
2023-06-30 07:24:17,151 - INFO - Start Training on Domain 11...
2023-06-30 07:24:24,242 - INFO - Testing task 2
2023-06-30 07:24:24,437 - INFO - Average Testing Accuracy is 0.2865466101694915
2023-06-30 07:24:24,448 - INFO - Start Training on Domain 12...
2023-06-30 07:24:30,954 - INFO - Testing task 3
2023-06-30 07:24:31,159 - INFO - Average Testing Accuracy is 0.639
2023-06-30 07:24:31,170 - INFO - Start Training on Domain 13...
2023-06-30 07:24:37,973 - INFO - Testing task 4
2023-06-30 07:24:38,177 - INFO - Average Testing Accuracy is 0.6878024195471117
2023-06-30 07:24:38,189 - INFO - Start Training on Domain 14...
2023-06-30 07:24:44,961 - INFO - Testing task 0
2023-06-30 07:24:45,179 - INFO - Average Testing Accuracy is 0.6135651630566532
2023-06-30 07:24:45,191 - INFO - Start Training on Domain 15...
2023-06-30 07:24:52,558 - INFO - Testing task 1
2023-06-30 07:24:52,767 - INFO - Average Testing Accuracy is 0.455078125
2023-06-30 07:24:52,779 - INFO - Start Training on Domain 16...
2023-06-30 07:24:59,880 - INFO - Testing task 2
2023-06-30 07:25:00,073 - INFO - Average Testing Accuracy is 0.2844279661016949
2023-06-30 07:25:00,084 - INFO - Start Training on Domain 17...
2023-06-30 07:25:06,652 - INFO - Testing task 3
2023-06-30 07:25:06,857 - INFO - Average Testing Accuracy is 0.5825
2023-06-30 07:25:06,869 - INFO - Start Training on Domain 18...
2023-06-30 07:25:13,774 - INFO - Testing task 4
2023-06-30 07:25:13,954 - INFO - Average Testing Accuracy is 0.6126680109770067
2023-06-30 07:25:13,964 - INFO - Start Training on Domain 19...
2023-06-30 07:25:20,745 - INFO - Testing task 0
2023-06-30 07:25:20,961 - INFO - Average Testing Accuracy is 0.6715225563909775
2023-06-30 07:25:20,973 - INFO - Start Training on Domain 20...
2023-06-30 07:25:28,351 - INFO - Testing task 1
2023-06-30 07:25:28,559 - INFO - Average Testing Accuracy is 0.39619140629656613
2023-06-30 07:25:28,571 - INFO - Start Training on Domain 21...
2023-06-30 07:25:35,670 - INFO - Testing task 2
2023-06-30 07:25:35,862 - INFO - Average Testing Accuracy is 0.3426906779661017
2023-06-30 07:25:35,873 - INFO - Start Training on Domain 22...
2023-06-30 07:25:42,408 - INFO - Testing task 3
2023-06-30 07:25:42,612 - INFO - Average Testing Accuracy is 0.503
2023-06-30 07:25:42,624 - INFO - Start Training on Domain 23...
2023-06-30 07:25:49,525 - INFO - Testing task 4
2023-06-30 07:25:49,727 - INFO - Average Testing Accuracy is 0.5517137098696924
2023-06-30 07:25:49,739 - INFO - Start Training on Domain 24...
2023-06-30 07:25:56,594 - INFO - Test accuracies for task 0 : [0.6112155389965028, 0.6010338345864662, 0.6239035089213149, 0.6135651630566532, 0.6715225563909775]
2023-06-30 07:25:56,824 - INFO - Test accuracies for task 1 : [0.7468750001862645, 0.7408203124068677, 0.6261718750465661, 0.455078125, 0.39619140629656613]
2023-06-30 07:25:56,898 - INFO - Test accuracies for task 2 : [0.1721398305084746, 0.2129237288135593, 0.2865466101694915, 0.2844279661016949, 0.3426906779661017]
2023-06-30 07:25:56,972 - INFO - Test accuracies for task 3 : [0.821, 0.7275, 0.639, 0.5825, 0.503]
2023-06-30 07:25:57,043 - INFO - Test accuracies for task 4 : [0.9551075273944486, 0.8346438177170292, 0.6878024195471117, 0.6126680109770067, 0.5517137098696924]
