2023-06-30 06:03:30,822 - INFO - Is GPU available? True
2023-06-30 06:03:30,822 - INFO - Experiment classic-one-revamp setup:
2023-06-30 06:03:30,822 - INFO - name: classic-one-revamp
2023-06-30 06:03:30,823 - INFO - dataset: MNIST
2023-06-30 06:03:30,823 - INFO - experiment: classic
2023-06-30 06:03:30,823 - INFO - n_domains: 15
2023-06-30 06:03:30,823 - INFO - eval_split: 5
2023-06-30 06:03:30,823 - INFO - step_size: 15
2023-06-30 06:03:30,823 - INFO - train: 0
2023-06-30 06:03:30,823 - INFO - noise_dim: 16
2023-06-30 06:03:30,823 - INFO - num_rnn_layer: 1
2023-06-30 06:03:30,823 - INFO - latent_dim: 32
2023-06-30 06:03:30,823 - INFO - hidden_dim: 16
2023-06-30 06:03:30,823 - INFO - noise_type: Gaussian
2023-06-30 06:03:30,823 - INFO - num_workers: 0
2023-06-30 06:03:30,823 - INFO - epoches: 5
2023-06-30 06:03:30,823 - INFO - batch_size: 16
2023-06-30 06:03:30,823 - INFO - learning_rate: 0.001
2023-06-30 06:03:30,823 - INFO - is_test: True
2023-06-30 06:03:30,823 - INFO - use MNIST data
2023-06-30 06:03:30,823 - INFO - ----------------------------------------
2023-06-30 06:03:41,231 - INFO - Start Training on Domain 0...
