2023-07-05 14:44:54,310 - INFO - Is GPU available? True
2023-07-05 14:44:54,310 - INFO - Experiment classic-3t setup:
2023-07-05 14:44:54,310 - INFO - name: classic-3t
2023-07-05 14:44:54,310 - INFO - dataset: MNIST
2023-07-05 14:44:54,310 - INFO - experiment: classic
2023-07-05 14:44:54,311 - INFO - n_domains: 15
2023-07-05 14:44:54,311 - INFO - eval_split: 5
2023-07-05 14:44:54,311 - INFO - step_size: 15
2023-07-05 14:44:54,311 - INFO - train: 0
2023-07-05 14:44:54,311 - INFO - noise_dim: 16
2023-07-05 14:44:54,311 - INFO - num_rnn_layer: 1
2023-07-05 14:44:54,311 - INFO - latent_dim: 32
2023-07-05 14:44:54,311 - INFO - hidden_dim: 16
2023-07-05 14:44:54,311 - INFO - noise_type: Gaussian
2023-07-05 14:44:54,311 - INFO - num_workers: 0
2023-07-05 14:44:54,311 - INFO - epoches: 5
2023-07-05 14:44:54,311 - INFO - batch_size: 16
2023-07-05 14:44:54,311 - INFO - learning_rate: 0.001
2023-07-05 14:44:54,311 - INFO - is_test: True
2023-07-05 14:44:54,311 - INFO - use MNIST data
2023-07-05 14:44:54,311 - INFO - ----------------------------------------
2023-07-05 14:45:10,538 - INFO - Start Training on Domain 0...
2023-07-05 14:45:45,865 - INFO - Start Training on Domain 1...
2023-07-05 14:46:19,772 - INFO - Start Training on Domain 2...
2023-07-05 14:46:53,642 - INFO - Start Training on Domain 3...
2023-07-05 14:47:29,047 - INFO - Start Training on Domain 4...
2023-07-05 14:48:04,558 - INFO - Start Training on Domain 5...
2023-07-05 14:48:38,670 - INFO - Start Training on Domain 6...
2023-07-05 14:49:14,138 - INFO - Start Training on Domain 7...
2023-07-05 14:49:48,290 - INFO - Start Training on Domain 8...
2023-07-05 14:50:22,360 - INFO - Start Training on Domain 9...
2023-07-05 14:50:56,219 - INFO - Testing domain 0
2023-07-05 14:50:57,184 - INFO - Average Testing Accuracy is 0.8857
2023-07-05 14:50:57,243 - INFO - Start Training on Domain 0...
2023-07-05 14:51:31,735 - INFO - Testing domain 1
2023-07-05 14:51:32,481 - INFO - Average Testing Accuracy is 0.8033
2023-07-05 14:51:32,527 - INFO - Start Training on Domain 1...
2023-07-05 14:52:07,006 - INFO - Testing domain 2
2023-07-05 14:52:07,971 - INFO - Average Testing Accuracy is 0.7016
2023-07-05 14:52:08,021 - INFO - Start Training on Domain 2...
2023-07-05 14:52:42,698 - INFO - Testing domain 3
2023-07-05 14:52:43,683 - INFO - Average Testing Accuracy is 0.5841
2023-07-05 14:52:43,732 - INFO - Start Training on Domain 3...
2023-07-05 14:53:18,402 - INFO - Testing domain 4
2023-07-05 14:53:19,385 - INFO - Average Testing Accuracy is 0.4845
2023-07-05 14:53:19,433 - INFO - Start Training on Domain 4...
